#
# A fatal error has been detected by the Java Runtime Environment:
#
#  EXCEPTION_ACCESS_VIOLATION (0xc0000005) at pc=0x00007fff47e9d44e, pid=8044, tid=8472
#
# JRE version: OpenJDK Runtime Environment Temurin-21.0.9+10 (21.0.9+10) (build 21.0.9+10-LTS)
# Java VM: OpenJDK 64-Bit Server VM Temurin-21.0.9+10 (21.0.9+10-LTS, mixed mode, sharing, tiered, compressed oops, compressed class ptrs, g1 gc, windows-amd64)
# Problematic frame:
# V  [jvm.dll+0x1dd44e]
#
# No core dump will be written. Minidumps are not enabled by default on client versions of Windows
#
# If you would like to submit a bug report, please visit:
#   https://github.com/adoptium/adoptium-support/issues
#

---------------  S U M M A R Y ------------

Command Line: --add-modules=ALL-SYSTEM --add-opens=java.base/java.util=ALL-UNNAMED --add-opens=java.base/java.lang=ALL-UNNAMED --add-opens=java.base/sun.nio.fs=ALL-UNNAMED -Declipse.application=org.eclipse.jdt.ls.core.id1 -Dosgi.bundles.defaultStartLevel=4 -Declipse.product=org.eclipse.jdt.ls.core.product -Djava.import.generatesMetadataFilesAtProjectRoot=false -DDetectVMInstallationsJob.disabled=true -Xlog:disable -Dfile.encoding=UTF-8 -javaagent:c:\Users\dltkd\.vscode\extensions\redhat.java-1.52.0-win32-x64\lombok\lombok-1.18.39-4050.jar -XX:+HeapDumpOnOutOfMemoryError -XX:HeapDumpPath=c:\Users\dltkd\AppData\Roaming\Code\User\workspaceStorage\ce0d1b7617187b5a031f182d2d7cb3d1\redhat.java -Daether.dependencyCollector.impl=bf c:\Users\dltkd\.vscode\extensions\redhat.java-1.52.0-win32-x64\server\plugins\org.eclipse.equinox.launcher_1.7.100.v20251111-0406.jar -configuration c:\Users\dltkd\AppData\Roaming\Code\User\globalStorage\redhat.java\1.52.0\config_win -data c:\Users\dltkd\AppData\Roaming\Code\User\workspaceStorage\ce0d1b7617187b5a031f182d2d7cb3d1\redhat.java\jdt_ws --pipe=\\.\pipe\lsp-c71e8d7fca6c3cb047cff2e2bd215f64-sock

Host: 11th Gen Intel(R) Core(TM) i5-11300H @ 3.10GHz, 8 cores, 15G,  Windows 11 , 64 bit Build 22621 (10.0.22621.5415)
Time: Thu Feb  5 16:01:17 2026 elapsed time: 124.129788 seconds (0d 0h 2m 4s)

---------------  T H R E A D  ---------------

Current thread (0x000001c4f8ef19f0):  JavaThread "C2 CompilerThread0" daemon [_thread_in_native, id=8472, stack(0x0000003cadb00000,0x0000003cadc00000) (1024K)]


Current CompileTask:
C2:124129 9629 % !   4       org.eclipse.jdt.internal.compiler.classfmt.ClassFileReader::<init> @ 81 (1968 bytes)

Stack: [0x0000003cadb00000,0x0000003cadc00000],  sp=0x0000003cadbfc5d0,  free space=1009k
Native frames: (J=compiled Java code, j=interpreted, Vv=VM code, C=native code)
V  [jvm.dll+0x1dd44e]
V  [jvm.dll+0x700410]
V  [jvm.dll+0x6fe8f3]
V  [jvm.dll+0x255593]
V  [jvm.dll+0x25591d]
V  [jvm.dll+0x24df40]
V  [jvm.dll+0x24b482]
V  [jvm.dll+0x1cb13e]
V  [jvm.dll+0x25b29d]
V  [jvm.dll+0x25982a]
V  [jvm.dll+0x3f7ea6]
V  [jvm.dll+0x85e9ad]
V  [jvm.dll+0x6d565d]
C  [ucrtbase.dll+0x29333]
C  [KERNEL32.DLL+0x1259d]
C  [ntdll.dll+0x5af78]


siginfo: EXCEPTION_ACCESS_VIOLATION (0xc0000005), reading address 0x000001e4ffd443f0


Registers:
RAX=0x000001c4fdce2448, RBX=0x000001c4cdcf3c90, RCX=0x0000000000000004, RDX=0x0000000000000004
RSP=0x0000003cadbfc5d0, RBP=0x000001c4ffd44858, RSI=0x0000000000000003, RDI=0x000001c4cdcf3c90
R8 =0x000001c4fe51f7d8, R9 =0x000001c4ff326e01, R10=0x000001c4cdcf8278, R11=0x0000000000000000
R12=0x0000000000000001, R13=0x0000000000000000, R14=0x000001e4ffd443e8, R15=0x000001c4ffd44678
RIP=0x00007fff47e9d44e, EFLAGS=0x0000000000010206

XMM[0]=0x0000000000000000 0x0000000000000000
XMM[1]=0x000001c4ff7bd0b8 0x000001c4fd063458
XMM[2]=0x000001c4c2e97620 0x000001c4c2e96cc8
XMM[3]=0x0000000000000000 0x0000000000000000
XMM[4]=0x0000000000000000 0x0000000000000000
XMM[5]=0x0000000000000000 0x0000000000000000
XMM[6]=0x0000000000000000 0x0000000000000000
XMM[7]=0x0000000000000000 0x0000000000000000
XMM[8]=0x0000000000000000 0x0000000000000000
XMM[9]=0x0000000000000000 0x0000000000000000
XMM[10]=0x0000000000000000 0x0000000000000000
XMM[11]=0x0000000000000000 0x0000000000000000
XMM[12]=0x0000000000000000 0x0000000000000000
XMM[13]=0x0000000000000000 0x0000000000000000
XMM[14]=0x0000000000000000 0x0000000000000000
XMM[15]=0x0000000000000000 0x0000000000000000
  MXCSR=0x00001fa0


Register to memory mapping:

RAX=0x000001c4fdce2448 points into unknown readable memory: 0x000001c4cdcf3c90 | 90 3c cf cd c4 01 00 00
RBX=0x000001c4cdcf3c90 points into unknown readable memory: 0x00007fff486b3078 | 78 30 6b 48 ff 7f 00 00
RCX=0x0000000000000004 is an unknown value
RDX=0x0000000000000004 is an unknown value
RSP=0x0000003cadbfc5d0 is pointing into the stack for thread: 0x000001c4f8ef19f0
RBP=0x000001c4ffd44858 points into unknown readable memory: 0x00007fff486b33a8 | a8 33 6b 48 ff 7f 00 00
RSI=0x0000000000000003 is an unknown value
RDI=0x000001c4cdcf3c90 points into unknown readable memory: 0x00007fff486b3078 | 78 30 6b 48 ff 7f 00 00
R8 =0x000001c4fe51f7d8 points into unknown readable memory: 0x00007fff486b3078 | 78 30 6b 48 ff 7f 00 00
R9 =0x000001c4ff326e01 points into unknown readable memory: 00 00 00 c4 01 00 00
R10=0x000001c4cdcf8278 points into unknown readable memory: 0x000001c4fe51f7d8 | d8 f7 51 fe c4 01 00 00
R11=0x0 is null
R12=0x0000000000000001 is an unknown value
R13=0x0 is null
R14=0x000001e4ffd443e8 is an unknown value
R15=0x000001c4ffd44678 points into unknown readable memory: 0x00007fff486b3620 | 20 36 6b 48 ff 7f 00 00

Top of Stack: (sp=0x0000003cadbfc5d0)
0x0000003cadbfc5d0:   0000000000000000 00007fff4837232a
0x0000003cadbfc5e0:   0000000000000888 000001c4f8ef24b0
0x0000003cadbfc5f0:   0000000000000001 00007fff4837232a
0x0000003cadbfc600:   0000000001bc324b 00007fff47e9fbfa
0x0000003cadbfc610:   000001c4ff326e60 000001c4ff415e98
0x0000003cadbfc620:   0000000000000003 000001c4cd1f3a78
0x0000003cadbfc630:   000001c4ff326e60 00007fff483be256
0x0000003cadbfc640:   000001c4ff326e60 00007fff47e9e7c3
0x0000003cadbfc650:   000001c4cd1f3b88 00000000000008c0
0x0000003cadbfc660:   000001c4f8ef24b0 0000000000000000
0x0000003cadbfc670:   0000000000000000 0000003cadbfcaf0
0x0000003cadbfc680:   0000000000000e14 00007fff483c0410
0x0000003cadbfc690:   000001c4cdcf3c90 0000003cadbfcaf0
0x0000003cadbfc6a0:   0000000000000e01 0000003cadbfca00
0x0000003cadbfc6b0:   0000003cadbfcaf0 00007fff483be8f3
0x0000003cadbfc6c0:   0000003cadbfead0 000001c4cdcf3c90
0x0000003cadbfc6d0:   000001c4c239dff8 00000000002d25d8
0x0000003cadbfc6e0:   0000000000000000 0000003cadbfead0
0x0000003cadbfc6f0:   000001c4c3e1cc10 00007fff47f15593
0x0000003cadbfc700:   0000003cadbfcaf0 000001c4c3e1fd20
0x0000003cadbfc710:   000001c4f8ec7530 0000003cadbfc800
0x0000003cadbfc720:   00007fff486db710 000000000000000e
0x0000003cadbfc730:   0000003cadbfead0 0000003cadbfec00
0x0000003cadbfc740:   000001c400004000 000001c4c4183fe0
0x0000003cadbfc750:   000001c400000000 0000003cadbfcaf0
0x0000003cadbfc760:   000001c4c3e1fd78 000001c4c3ca6a10
0x0000003cadbfc770:   0000003c000033a9 0000000000000000
0x0000003cadbfc780:   000001c4f8f1b700 000001c4f8ec7530
0x0000003cadbfc790:   000001c400000020 000001c4c4045850
0x0000003cadbfc7a0:   0000000000000000 000001c4f8ec7530
0x0000003cadbfc7b0:   0000003c00000004 000001c4c3e1fd40
0x0000003cadbfc7c0:   0000003c00000000 00004000000033d5 

Instructions: (pc=0x00007fff47e9d44e)
0x00007fff47e9d34e:   4d 0f 45 ec 49 8b d5 e8 16 40 00 00 4c 8b f0 49
0x00007fff47e9d35e:   8b c6 e9 f2 ec ff ff cc cc cc cc cc cc cc cc cc
0x00007fff47e9d36e:   cc cc 48 8b c4 48 89 58 08 44 88 40 18 48 89 50
0x00007fff47e9d37e:   10 55 56 57 41 54 41 55 41 56 41 57 48 81 ec 80
0x00007fff47e9d38e:   00 00 00 4c 8b e2 45 33 ed 41 0f b6 d0 48 8b f9
0x00007fff47e9d39e:   84 d2 75 1a 48 8b 41 08 4c 39 28 0f 84 e7 05 00
0x00007fff47e9d3ae:   00 44 88 ac 24 d8 00 00 00 e9 a9 02 00 00 48 8b
0x00007fff47e9d3be:   49 10 8b 47 20 48 8b d1 4c 8d 14 c1 49 3b ca 73
0x00007fff47e9d3ce:   1c 90 4c 8b 02 41 8b 40 2c 83 e0 0f 3c 0c 0f 84
0x00007fff47e9d3de:   ab 00 00 00 48 83 c2 08 49 3b d2 72 e5 44 88 ac
0x00007fff47e9d3ee:   24 d8 00 00 00 8b 57 18 41 bc 01 00 00 00 8d 42
0x00007fff47e9d3fe:   ff 41 3b c4 0f 86 4d 02 00 00 0f 1f 84 00 00 00
0x00007fff47e9d40e:   00 00 48 8b 47 08 41 8b cc 4c 8b 3c c8 8b ca 4d
0x00007fff47e9d41e:   85 ff 74 58 49 8b 47 08 48 8b 28 48 85 ed 74 4c
0x00007fff47e9d42e:   8b 45 2c 83 e0 1f 3c 15 75 42 41 8d 74 24 01 3b
0x00007fff47e9d43e:   f2 73 39 48 8b 47 08 4c 8b 34 f0 4d 85 f6 74 23
0x00007fff47e9d44e:   49 8b 46 08 48 39 28 75 1a 49 8b 07 49 8b cf ff
0x00007fff47e9d45e:   10 49 8b 16 49 8b ce 8b d8 ff 12 3b d8 0f 85 a2
0x00007fff47e9d46e:   01 00 00 8b 4f 18 ff c6 3b f1 72 c7 41 ff c4 8d
0x00007fff47e9d47e:   41 ff 44 3b e0 0f 83 cc 01 00 00 8b d1 eb 83 4d
0x00007fff47e9d48e:   85 c0 41 0f 95 c3 44 88 9c 24 d8 00 00 00 4d 85
0x00007fff47e9d49e:   c0 0f 84 64 01 00 00 4d 8b cd 0f 1f 84 00 00 00
0x00007fff47e9d4ae:   00 00 48 8b 11 45 0f b6 c3 8b 42 2c 83 e0 0f 3c
0x00007fff47e9d4be:   0c 75 0c 4d 85 c9 0f 85 3f 01 00 00 4c 8b ca 48
0x00007fff47e9d4ce:   83 c1 08 49 3b ca 72 da 44 88 84 24 d8 00 00 00
0x00007fff47e9d4de:   4d 85 c9 0f 84 22 01 00 00 48 8b 05 7a 3d b0 00
0x00007fff47e9d4ee:   44 88 84 24 d8 00 00 00 49 39 41 38 0f 85 09 01
0x00007fff47e9d4fe:   00 00 83 7f 18 03 44 88 84 24 d8 00 00 00 0f 85
0x00007fff47e9d50e:   f7 00 00 00 4d 8b 51 08 44 88 84 24 d8 00 00 00
0x00007fff47e9d51e:   49 8b 02 48 85 c0 0f 84 df 00 00 00 83 78 18 03
0x00007fff47e9d52e:   44 88 84 24 d8 00 00 00 0f 85 cd 00 00 00 41 83
0x00007fff47e9d53e:   79 18 03 44 88 84 24 d8 00 00 00 0f 85 ba 00 00 


Stack slot to memory mapping:

stack at sp + 0 slots: 0x0 is null
stack at sp + 1 slots: 0x00007fff4837232a jvm.dll
stack at sp + 2 slots: 0x0000000000000888 is an unknown value
stack at sp + 3 slots: 0x000001c4f8ef24b0 points into unknown readable memory: 0x000001c4f8ef19f0 | f0 19 ef f8 c4 01 00 00
stack at sp + 4 slots: 0x0000000000000001 is an unknown value
stack at sp + 5 slots: 0x00007fff4837232a jvm.dll
stack at sp + 6 slots: 0x0000000001bc324b is an unknown value
stack at sp + 7 slots: 0x00007fff47e9fbfa jvm.dll


---------------  P R O C E S S  ---------------

Threads class SMR info:
_java_thread_list=0x000001c4fdc35060, length=48, elements={
0x000001c4dcf078b0, 0x000001c4f8ee5f40, 0x000001c4f8ee8b40, 0x000001c4f8ee9a50,
0x000001c4f8eeb6b0, 0x000001c4f8eee210, 0x000001c4f8eeec60, 0x000001c4f8ef19f0,
0x000001c4fd033670, 0x000001c4fd262f50, 0x000001c4fd2f2230, 0x000001c4fdd869d0,
0x000001c4fdc26120, 0x000001c4fd345400, 0x000001c4fd345e30, 0x000001c4fd0ac620,
0x000001c4fdad5ba0, 0x000001c4fedd01f0, 0x000001c4fdc5dfe0, 0x000001c4feac74e0,
0x000001c4feaca2d0, 0x000001c4feac95b0, 0x000001c4feac9c40, 0x000001c4feaca960,
0x000001c4feac7b70, 0x000001c4feac8200, 0x000001c4feac8890, 0x000001c4feac8f20,
0x000001c4ffab34d0, 0x000001c4ffaaf9c0, 0x000001c4ffab06e0, 0x000001c4ffab2e40,
0x000001c4ffab0050, 0x000001c4ffab41f0, 0x000001c4ffab4f10, 0x000001c4ffab0d70,
0x000001c4ffab1400, 0x000001c4ffab3b60, 0x000001c4ffab4880, 0x000001c4ffaaeca0,
0x000001c4ffab1a90, 0x000001c4ffaaf330, 0x000001c4ffab55a0, 0x000001c4ffab5c30,
0x000001c4ffab2120, 0x000001c4ffab27b0, 0x000001c4ffa6f270, 0x000001c4c2cdfb20
}

Java Threads: ( => current thread )
  0x000001c4dcf078b0 JavaThread "main"                              [_thread_blocked, id=19024, stack(0x0000003cacd00000,0x0000003cace00000) (1024K)]
  0x000001c4f8ee5f40 JavaThread "Reference Handler"          daemon [_thread_blocked, id=12776, stack(0x0000003cad500000,0x0000003cad600000) (1024K)]
  0x000001c4f8ee8b40 JavaThread "Finalizer"                  daemon [_thread_blocked, id=13536, stack(0x0000003cad600000,0x0000003cad700000) (1024K)]
  0x000001c4f8ee9a50 JavaThread "Signal Dispatcher"          daemon [_thread_blocked, id=13604, stack(0x0000003cad700000,0x0000003cad800000) (1024K)]
  0x000001c4f8eeb6b0 JavaThread "Attach Listener"            daemon [_thread_blocked, id=13660, stack(0x0000003cad800000,0x0000003cad900000) (1024K)]
  0x000001c4f8eee210 JavaThread "Service Thread"             daemon [_thread_blocked, id=13648, stack(0x0000003cad900000,0x0000003cada00000) (1024K)]
  0x000001c4f8eeec60 JavaThread "Monitor Deflation Thread"   daemon [_thread_blocked, id=18072, stack(0x0000003cada00000,0x0000003cadb00000) (1024K)]
=>0x000001c4f8ef19f0 JavaThread "C2 CompilerThread0"         daemon [_thread_in_native, id=8472, stack(0x0000003cadb00000,0x0000003cadc00000) (1024K)]
  0x000001c4fd033670 JavaThread "C1 CompilerThread0"         daemon [_thread_blocked, id=19036, stack(0x0000003cadc00000,0x0000003cadd00000) (1024K)]
  0x000001c4fd262f50 JavaThread "Common-Cleaner"             daemon [_thread_blocked, id=19288, stack(0x0000003cadd00000,0x0000003cade00000) (1024K)]
  0x000001c4fd2f2230 JavaThread "Notification Thread"        daemon [_thread_blocked, id=19336, stack(0x0000003cade00000,0x0000003cadf00000) (1024K)]
  0x000001c4fdd869d0 JavaThread "Active Thread: Equinox Container: a67adb59-e595-485f-a499-595d4a667216"        [_thread_blocked, id=1996, stack(0x0000003cae600000,0x0000003cae700000) (1024K)]
  0x000001c4fdc26120 JavaThread "Refresh Thread: Equinox Container: a67adb59-e595-485f-a499-595d4a667216" daemon [_thread_blocked, id=20688, stack(0x0000003cae700000,0x0000003cae800000) (1024K)]
  0x000001c4fd345400 JavaThread "Framework Event Dispatcher: Equinox Container: a67adb59-e595-485f-a499-595d4a667216" daemon [_thread_blocked, id=8328, stack(0x0000003cae800000,0x0000003cae900000) (1024K)]
  0x000001c4fd345e30 JavaThread "Start Level: Equinox Container: a67adb59-e595-485f-a499-595d4a667216" daemon [_thread_blocked, id=7044, stack(0x0000003cae900000,0x0000003caea00000) (1024K)]
  0x000001c4fd0ac620 JavaThread "Bundle File Closer"         daemon [_thread_blocked, id=21180, stack(0x0000003cacb00000,0x0000003cacc00000) (1024K)]
  0x000001c4fdad5ba0 JavaThread "SCR Component Actor"        daemon [_thread_blocked, id=1760, stack(0x0000003caeb00000,0x0000003caec00000) (1024K)]
  0x000001c4fedd01f0 JavaThread "Worker-JM"                         [_thread_blocked, id=23068, stack(0x0000003caee00000,0x0000003caef00000) (1024K)]
  0x000001c4fdc5dfe0 JavaThread "JNA Cleaner"                daemon [_thread_blocked, id=764, stack(0x0000003caec00000,0x0000003caed00000) (1024K)]
  0x000001c4feac74e0 JavaThread "Worker-0"                          [_thread_blocked, id=21788, stack(0x0000003caed00000,0x0000003caee00000) (1024K)]
  0x000001c4feaca2d0 JavaThread "Worker-1"                          [_thread_blocked, id=3364, stack(0x0000003caef00000,0x0000003caf000000) (1024K)]
  0x000001c4feac95b0 JavaThread "Worker-2: Building"                [_thread_in_native, id=2296, stack(0x0000003caf200000,0x0000003caf300000) (1024K)]
  0x000001c4feac9c40 JavaThread "Java indexing"              daemon [_thread_blocked, id=20472, stack(0x0000003caf400000,0x0000003caf500000) (1024K)]
  0x000001c4feaca960 JavaThread "Worker-3: Publish Diagnostics"        [_thread_in_Java, id=11652, stack(0x0000003caf500000,0x0000003caf600000) (1024K)]
  0x000001c4feac7b70 JavaThread "Worker-4: Initialize Workspace"        [_thread_blocked, id=23460, stack(0x0000003caf600000,0x0000003caf700000) (1024K)]
  0x000001c4feac8200 JavaThread "Worker-5: Initialize workspace"        [_thread_blocked, id=2304, stack(0x0000003caf700000,0x0000003caf800000) (1024K)]
  0x000001c4feac8890 JavaThread "Thread-1"                   daemon [_thread_in_native, id=21752, stack(0x0000003caf800000,0x0000003caf900000) (1024K)]
  0x000001c4feac8f20 JavaThread "Thread-2"                   daemon [_thread_in_native, id=7748, stack(0x0000003caf900000,0x0000003cafa00000) (1024K)]
  0x000001c4ffab34d0 JavaThread "Thread-3"                   daemon [_thread_in_native, id=7384, stack(0x0000003cafa00000,0x0000003cafb00000) (1024K)]
  0x000001c4ffaaf9c0 JavaThread "Thread-4"                   daemon [_thread_in_native, id=9056, stack(0x0000003cafb00000,0x0000003cafc00000) (1024K)]
  0x000001c4ffab06e0 JavaThread "Thread-5"                   daemon [_thread_in_native, id=23116, stack(0x0000003cafc00000,0x0000003cafd00000) (1024K)]
  0x000001c4ffab2e40 JavaThread "Thread-6"                   daemon [_thread_in_native, id=23352, stack(0x0000003cafd00000,0x0000003cafe00000) (1024K)]
  0x000001c4ffab0050 JavaThread "Thread-7"                   daemon [_thread_in_native, id=23252, stack(0x0000003cafe00000,0x0000003caff00000) (1024K)]
  0x000001c4ffab41f0 JavaThread "Thread-8"                   daemon [_thread_in_native, id=22656, stack(0x0000003caff00000,0x0000003cb0000000) (1024K)]
  0x000001c4ffab4f10 JavaThread "Thread-9"                   daemon [_thread_in_native, id=23112, stack(0x0000003cb0000000,0x0000003cb0100000) (1024K)]
  0x000001c4ffab0d70 JavaThread "pool-2-thread-1"                   [_thread_blocked, id=23164, stack(0x0000003cb0100000,0x0000003cb0200000) (1024K)]
  0x000001c4ffab1400 JavaThread "WorkspaceEventsHandler"            [_thread_blocked, id=23480, stack(0x0000003cb0200000,0x0000003cb0300000) (1024K)]
  0x000001c4ffab3b60 JavaThread "pool-1-thread-1"                   [_thread_blocked, id=23472, stack(0x0000003cb0300000,0x0000003cb0400000) (1024K)]
  0x000001c4ffab4880 JavaThread "ForkJoinPool.commonPool-worker-1" daemon [_thread_in_Java, id=23192, stack(0x0000003caf000000,0x0000003caf100000) (1024K)]
  0x000001c4ffaaeca0 JavaThread "ForkJoinPool.commonPool-worker-2" daemon [_thread_in_native, id=23476, stack(0x0000003caf300000,0x0000003caf400000) (1024K)]
  0x000001c4ffab1a90 JavaThread "ForkJoinPool.commonPool-worker-3" daemon [_thread_blocked, id=23468, stack(0x0000003cb0400000,0x0000003cb0500000) (1024K)]
  0x000001c4ffaaf330 JavaThread "ForkJoinPool.commonPool-worker-4" daemon [_thread_blocked, id=23216, stack(0x0000003cb0500000,0x0000003cb0600000) (1024K)]
  0x000001c4ffab55a0 JavaThread "ForkJoinPool.commonPool-worker-5" daemon [_thread_blocked, id=20104, stack(0x0000003cb0600000,0x0000003cb0700000) (1024K)]
  0x000001c4ffab5c30 JavaThread "ForkJoinPool.commonPool-worker-6" daemon [_thread_blocked, id=21808, stack(0x0000003cb0700000,0x0000003cb0800000) (1024K)]
  0x000001c4ffab2120 JavaThread "ForkJoinPool.commonPool-worker-7" daemon [_thread_blocked, id=23296, stack(0x0000003cb0800000,0x0000003cb0900000) (1024K)]
  0x000001c4ffab27b0 JavaThread "Timer-0"                           [_thread_blocked, id=1832, stack(0x0000003cb0b00000,0x0000003cb0c00000) (1024K)]
  0x000001c4ffa6f270 JavaThread "C2 CompilerThread1"         daemon [_thread_in_native, id=14744, stack(0x0000003cb0a00000,0x0000003cb0b00000) (1024K)]
  0x000001c4c2cdfb20 JavaThread "Worker-6"                          [_thread_blocked, id=23340, stack(0x0000003cb0d00000,0x0000003cb0e00000) (1024K)]
Total: 48

Other Threads:
  0x000001c4f8ec7870 VMThread "VM Thread"                           [id=13196, stack(0x0000003cad400000,0x0000003cad500000) (1024K)]
  0x000001c4f8eb57e0 WatcherThread "VM Periodic Task Thread"        [id=19028, stack(0x0000003cad300000,0x0000003cad400000) (1024K)]
  0x000001c4df14a1c0 WorkerThread "GC Thread#0"                     [id=19212, stack(0x0000003cace00000,0x0000003cacf00000) (1024K)]
  0x000001c4fd5f8710 WorkerThread "GC Thread#1"                     [id=19972, stack(0x0000003cadf00000,0x0000003cae000000) (1024K)]
  0x000001c4fd5f8ab0 WorkerThread "GC Thread#2"                     [id=19976, stack(0x0000003cae000000,0x0000003cae100000) (1024K)]
  0x000001c4fd5f8e50 WorkerThread "GC Thread#3"                     [id=19980, stack(0x0000003cae100000,0x0000003cae200000) (1024K)]
  0x000001c4fd5f91f0 WorkerThread "GC Thread#4"                     [id=19984, stack(0x0000003cae200000,0x0000003cae300000) (1024K)]
  0x000001c4fd4af380 WorkerThread "GC Thread#5"                     [id=19988, stack(0x0000003cae300000,0x0000003cae400000) (1024K)]
  0x000001c4fd4afee0 WorkerThread "GC Thread#6"                     [id=20008, stack(0x0000003cae400000,0x0000003cae500000) (1024K)]
  0x000001c4fd1b1130 WorkerThread "GC Thread#7"                     [id=21448, stack(0x0000003caea00000,0x0000003caeb00000) (1024K)]
  0x000001c4df15ace0 ConcurrentGCThread "G1 Main Marker"            [id=19200, stack(0x0000003cacf00000,0x0000003cad000000) (1024K)]
  0x000001c4df15bff0 WorkerThread "G1 Conc#0"                       [id=19356, stack(0x0000003cad000000,0x0000003cad100000) (1024K)]
  0x000001c4fdad1960 WorkerThread "G1 Conc#1"                       [id=23232, stack(0x0000003caf100000,0x0000003caf200000) (1024K)]
  0x000001c4df19e800 ConcurrentGCThread "G1 Refine#0"               [id=18720, stack(0x0000003cad100000,0x0000003cad200000) (1024K)]
  0x000001c4f8d885b0 ConcurrentGCThread "G1 Service"                [id=19236, stack(0x0000003cad200000,0x0000003cad300000) (1024K)]
Total: 15

Threads with active compile tasks:
C2 CompilerThread0  124289 9629 % !   4       org.eclipse.jdt.internal.compiler.classfmt.ClassFileReader::<init> @ 81 (1968 bytes)
C2 CompilerThread1  124289 9681       4       org.eclipse.jdt.internal.core.JavaModelManager::isExternalFile (36 bytes)
Total: 2

VM state: not at safepoint (normal execution)

VM Mutex/Monitor currently owned by a thread: None

Heap address: 0x0000000704c00000, size: 4020 MB, Compressed Oops mode: Zero based, Oop shift amount: 3

CDS archive(s) mapped at: [0x000001c480000000-0x000001c480ba0000-0x000001c480ba0000), size 12189696, SharedBaseAddress: 0x000001c480000000, ArchiveRelocationMode: 1.
Compressed class space mapped at: 0x000001c481000000-0x000001c4c1000000, reserved size: 1073741824
Narrow klass base: 0x000001c480000000, Narrow klass shift: 0, Narrow klass range: 0x100000000

GC Precious Log:
 CardTable entry size: 512
 Card Set container configuration: InlinePtr #cards 4 size 8 Array Of Cards #cards 16 size 48 Howl #buckets 8 coarsen threshold 3686 Howl Bitmap #cards 512 size 80 coarsen threshold 460 Card regions per heap region 1 cards per card region 4096
 CPUs: 8 total, 8 available
 Memory: 16075M
 Large Page Support: Disabled
 NUMA Support: Disabled
 Compressed Oops: Enabled (Zero based)
 Heap Region Size: 2M
 Heap Min Capacity: 8M
 Heap Initial Capacity: 252M
 Heap Max Capacity: 4020M
 Pre-touch: Disabled
 Parallel Workers: 8
 Concurrent Workers: 2
 Concurrent Refinement Workers: 8
 Periodic GC: Disabled

Heap:
 garbage-first heap   total 239616K, used 152924K [0x0000000704c00000, 0x0000000800000000)
  region size 2048K, 42 young (86016K), 6 survivors (12288K)
 Metaspace       used 72612K, committed 74176K, reserved 1114112K
  class space    used 8339K, committed 9024K, reserved 1048576K

Heap Regions: E=young(eden), S=young(survivor), O=old, HS=humongous(starts), HC=humongous(continues), CS=collection set, F=free, TAMS=top-at-mark-start, PB=parsable bottom
|   0|0x0000000704c00000, 0x0000000704e00000, 0x0000000704e00000|100%| O|  |TAMS 0x0000000704c00000| PB 0x0000000704c00000| Untracked 
|   1|0x0000000704e00000, 0x0000000705000000, 0x0000000705000000|100%| O|  |TAMS 0x0000000704e00000| PB 0x0000000704e00000| Untracked 
|   2|0x0000000705000000, 0x0000000705200000, 0x0000000705200000|100%| O|Cm|TAMS 0x0000000705000000| PB 0x0000000705000000| Complete 
|   3|0x0000000705200000, 0x0000000705400000, 0x0000000705400000|100%| O|  |TAMS 0x0000000705200000| PB 0x0000000705200000| Untracked 
|   4|0x0000000705400000, 0x0000000705600000, 0x0000000705600000|100%| O|  |TAMS 0x0000000705400000| PB 0x0000000705400000| Untracked 
|   5|0x0000000705600000, 0x0000000705800000, 0x0000000705800000|100%| O|  |TAMS 0x0000000705600000| PB 0x0000000705600000| Untracked 
|   6|0x0000000705800000, 0x0000000705a00000, 0x0000000705a00000|100%| O|  |TAMS 0x0000000705800000| PB 0x0000000705800000| Untracked 
|   7|0x0000000705a00000, 0x0000000705c00000, 0x0000000705c00000|100%| O|  |TAMS 0x0000000705a00000| PB 0x0000000705a00000| Untracked 
|   8|0x0000000705c00000, 0x0000000705e00000, 0x0000000705e00000|100%| O|  |TAMS 0x0000000705c00000| PB 0x0000000705c00000| Untracked 
|   9|0x0000000705e00000, 0x0000000706000000, 0x0000000706000000|100%| O|  |TAMS 0x0000000705e00000| PB 0x0000000705e00000| Untracked 
|  10|0x0000000706000000, 0x0000000706200000, 0x0000000706200000|100%|HS|  |TAMS 0x0000000706000000| PB 0x0000000706000000| Complete 
|  11|0x0000000706200000, 0x0000000706400000, 0x0000000706400000|100%|HC|  |TAMS 0x0000000706200000| PB 0x0000000706200000| Complete 
|  12|0x0000000706400000, 0x0000000706600000, 0x0000000706600000|100%| O|  |TAMS 0x0000000706400000| PB 0x0000000706400000| Untracked 
|  13|0x0000000706600000, 0x0000000706800000, 0x0000000706800000|100%| O|  |TAMS 0x0000000706600000| PB 0x0000000706600000| Untracked 
|  14|0x0000000706800000, 0x0000000706a00000, 0x0000000706a00000|100%| O|  |TAMS 0x0000000706800000| PB 0x0000000706800000| Untracked 
|  15|0x0000000706a00000, 0x0000000706c00000, 0x0000000706c00000|100%| O|  |TAMS 0x0000000706a00000| PB 0x0000000706a00000| Untracked 
|  16|0x0000000706c00000, 0x0000000706e00000, 0x0000000706e00000|100%| O|  |TAMS 0x0000000706c00000| PB 0x0000000706c00000| Untracked 
|  17|0x0000000706e00000, 0x0000000707000000, 0x0000000707000000|100%| O|  |TAMS 0x0000000706e00000| PB 0x0000000706e00000| Untracked 
|  18|0x0000000707000000, 0x0000000707200000, 0x0000000707200000|100%| O|  |TAMS 0x0000000707000000| PB 0x0000000707000000| Untracked 
|  19|0x0000000707200000, 0x0000000707400000, 0x0000000707400000|100%| O|  |TAMS 0x0000000707200000| PB 0x0000000707200000| Untracked 
|  20|0x0000000707400000, 0x0000000707600000, 0x0000000707600000|100%| O|  |TAMS 0x0000000707400000| PB 0x0000000707400000| Untracked 
|  21|0x0000000707600000, 0x0000000707800000, 0x0000000707800000|100%| O|  |TAMS 0x0000000707600000| PB 0x0000000707600000| Untracked 
|  22|0x0000000707800000, 0x0000000707a00000, 0x0000000707a00000|100%| O|  |TAMS 0x0000000707800000| PB 0x0000000707800000| Untracked 
|  23|0x0000000707a00000, 0x0000000707c00000, 0x0000000707c00000|100%| O|  |TAMS 0x0000000707a00000| PB 0x0000000707a00000| Untracked 
|  24|0x0000000707c00000, 0x0000000707e00000, 0x0000000707e00000|100%| O|  |TAMS 0x0000000707c00000| PB 0x0000000707c00000| Untracked 
|  25|0x0000000707e00000, 0x0000000708000000, 0x0000000708000000|100%| O|  |TAMS 0x0000000707e00000| PB 0x0000000707e00000| Untracked 
|  26|0x0000000708000000, 0x0000000708200000, 0x0000000708200000|100%| O|  |TAMS 0x0000000708000000| PB 0x0000000708000000| Untracked 
|  27|0x0000000708200000, 0x0000000708400000, 0x0000000708400000|100%| O|  |TAMS 0x0000000708200000| PB 0x0000000708200000| Untracked 
|  28|0x0000000708400000, 0x0000000708600000, 0x0000000708600000|100%| O|  |TAMS 0x0000000708400000| PB 0x0000000708400000| Untracked 
|  29|0x0000000708600000, 0x0000000708800000, 0x0000000708800000|100%| O|  |TAMS 0x0000000708600000| PB 0x0000000708600000| Untracked 
|  30|0x0000000708800000, 0x0000000708a00000, 0x0000000708a00000|100%| O|  |TAMS 0x0000000708800000| PB 0x0000000708800000| Untracked 
|  31|0x0000000708a00000, 0x0000000708abea30, 0x0000000708c00000| 37%| O|  |TAMS 0x0000000708a00000| PB 0x0000000708a00000| Untracked 
|  32|0x0000000708c00000, 0x0000000708c00000, 0x0000000708e00000|  0%| F|  |TAMS 0x0000000708c00000| PB 0x0000000708c00000| Untracked 
|  33|0x0000000708e00000, 0x0000000708e00000, 0x0000000709000000|  0%| F|  |TAMS 0x0000000708e00000| PB 0x0000000708e00000| Untracked 
|  34|0x0000000709000000, 0x0000000709000000, 0x0000000709200000|  0%| F|  |TAMS 0x0000000709000000| PB 0x0000000709000000| Untracked 
|  35|0x0000000709200000, 0x0000000709200000, 0x0000000709400000|  0%| F|  |TAMS 0x0000000709200000| PB 0x0000000709200000| Untracked 
|  36|0x0000000709400000, 0x0000000709400000, 0x0000000709600000|  0%| F|  |TAMS 0x0000000709400000| PB 0x0000000709400000| Untracked 
|  37|0x0000000709600000, 0x0000000709600000, 0x0000000709800000|  0%| F|  |TAMS 0x0000000709600000| PB 0x0000000709600000| Untracked 
|  38|0x0000000709800000, 0x0000000709800000, 0x0000000709a00000|  0%| F|  |TAMS 0x0000000709800000| PB 0x0000000709800000| Untracked 
|  39|0x0000000709a00000, 0x0000000709a00000, 0x0000000709c00000|  0%| F|  |TAMS 0x0000000709a00000| PB 0x0000000709a00000| Untracked 
|  40|0x0000000709c00000, 0x0000000709c00000, 0x0000000709e00000|  0%| F|  |TAMS 0x0000000709c00000| PB 0x0000000709c00000| Untracked 
|  41|0x0000000709e00000, 0x0000000709e00000, 0x000000070a000000|  0%| F|  |TAMS 0x0000000709e00000| PB 0x0000000709e00000| Untracked 
|  42|0x000000070a000000, 0x000000070a098610, 0x000000070a200000| 29%| S|CS|TAMS 0x000000070a000000| PB 0x000000070a000000| Complete 
|  43|0x000000070a200000, 0x000000070a400000, 0x000000070a400000|100%| S|CS|TAMS 0x000000070a200000| PB 0x000000070a200000| Complete 
|  44|0x000000070a400000, 0x000000070a600000, 0x000000070a600000|100%| S|CS|TAMS 0x000000070a400000| PB 0x000000070a400000| Complete 
|  45|0x000000070a600000, 0x000000070a600000, 0x000000070a800000|  0%| F|  |TAMS 0x000000070a600000| PB 0x000000070a600000| Untracked 
|  46|0x000000070a800000, 0x000000070a800000, 0x000000070aa00000|  0%| F|  |TAMS 0x000000070a800000| PB 0x000000070a800000| Untracked 
|  47|0x000000070aa00000, 0x000000070ac00000, 0x000000070ac00000|100%| S|CS|TAMS 0x000000070aa00000| PB 0x000000070aa00000| Complete 
|  48|0x000000070ac00000, 0x000000070ae00000, 0x000000070ae00000|100%| S|CS|TAMS 0x000000070ac00000| PB 0x000000070ac00000| Complete 
|  49|0x000000070ae00000, 0x000000070b000000, 0x000000070b000000|100%| S|CS|TAMS 0x000000070ae00000| PB 0x000000070ae00000| Complete 
|  50|0x000000070b000000, 0x000000070b000000, 0x000000070b200000|  0%| F|  |TAMS 0x000000070b000000| PB 0x000000070b000000| Untracked 
|  51|0x000000070b200000, 0x000000070b200000, 0x000000070b400000|  0%| F|  |TAMS 0x000000070b200000| PB 0x000000070b200000| Untracked 
|  52|0x000000070b400000, 0x000000070b400000, 0x000000070b600000|  0%| F|  |TAMS 0x000000070b400000| PB 0x000000070b400000| Untracked 
|  53|0x000000070b600000, 0x000000070b600000, 0x000000070b800000|  0%| F|  |TAMS 0x000000070b600000| PB 0x000000070b600000| Untracked 
|  54|0x000000070b800000, 0x000000070b800000, 0x000000070ba00000|  0%| F|  |TAMS 0x000000070b800000| PB 0x000000070b800000| Untracked 
|  55|0x000000070ba00000, 0x000000070ba00000, 0x000000070bc00000|  0%| F|  |TAMS 0x000000070ba00000| PB 0x000000070ba00000| Untracked 
|  56|0x000000070bc00000, 0x000000070bc00000, 0x000000070be00000|  0%| F|  |TAMS 0x000000070bc00000| PB 0x000000070bc00000| Untracked 
|  57|0x000000070be00000, 0x000000070be00000, 0x000000070c000000|  0%| F|  |TAMS 0x000000070be00000| PB 0x000000070be00000| Untracked 
|  58|0x000000070c000000, 0x000000070c000000, 0x000000070c200000|  0%| F|  |TAMS 0x000000070c000000| PB 0x000000070c000000| Untracked 
|  59|0x000000070c200000, 0x000000070c200000, 0x000000070c400000|  0%| F|  |TAMS 0x000000070c200000| PB 0x000000070c200000| Untracked 
|  60|0x000000070c400000, 0x000000070c400000, 0x000000070c600000|  0%| F|  |TAMS 0x000000070c400000| PB 0x000000070c400000| Untracked 
|  61|0x000000070c600000, 0x000000070c600000, 0x000000070c800000|  0%| F|  |TAMS 0x000000070c600000| PB 0x000000070c600000| Untracked 
|  62|0x000000070c800000, 0x000000070c800000, 0x000000070ca00000|  0%| F|  |TAMS 0x000000070c800000| PB 0x000000070c800000| Untracked 
|  63|0x000000070ca00000, 0x000000070ca00000, 0x000000070cc00000|  0%| F|  |TAMS 0x000000070ca00000| PB 0x000000070ca00000| Untracked 
|  64|0x000000070cc00000, 0x000000070cc00000, 0x000000070ce00000|  0%| F|  |TAMS 0x000000070cc00000| PB 0x000000070cc00000| Untracked 
|  65|0x000000070ce00000, 0x000000070ce00000, 0x000000070d000000|  0%| F|  |TAMS 0x000000070ce00000| PB 0x000000070ce00000| Untracked 
|  66|0x000000070d000000, 0x000000070d000000, 0x000000070d200000|  0%| F|  |TAMS 0x000000070d000000| PB 0x000000070d000000| Untracked 
|  67|0x000000070d200000, 0x000000070d200000, 0x000000070d400000|  0%| F|  |TAMS 0x000000070d200000| PB 0x000000070d200000| Untracked 
|  68|0x000000070d400000, 0x000000070d400000, 0x000000070d600000|  0%| F|  |TAMS 0x000000070d400000| PB 0x000000070d400000| Untracked 
|  69|0x000000070d600000, 0x000000070d600000, 0x000000070d800000|  0%| F|  |TAMS 0x000000070d600000| PB 0x000000070d600000| Untracked 
|  70|0x000000070d800000, 0x000000070d800000, 0x000000070da00000|  0%| F|  |TAMS 0x000000070d800000| PB 0x000000070d800000| Untracked 
|  71|0x000000070da00000, 0x000000070da00000, 0x000000070dc00000|  0%| F|  |TAMS 0x000000070da00000| PB 0x000000070da00000| Untracked 
|  72|0x000000070dc00000, 0x000000070dc00000, 0x000000070de00000|  0%| F|  |TAMS 0x000000070dc00000| PB 0x000000070dc00000| Untracked 
|  73|0x000000070de00000, 0x000000070de00000, 0x000000070e000000|  0%| F|  |TAMS 0x000000070de00000| PB 0x000000070de00000| Untracked 
|  74|0x000000070e000000, 0x000000070e000000, 0x000000070e200000|  0%| F|  |TAMS 0x000000070e000000| PB 0x000000070e000000| Untracked 
|  75|0x000000070e200000, 0x000000070e200000, 0x000000070e400000|  0%| F|  |TAMS 0x000000070e200000| PB 0x000000070e200000| Untracked 
|  76|0x000000070e400000, 0x000000070e400000, 0x000000070e600000|  0%| F|  |TAMS 0x000000070e400000| PB 0x000000070e400000| Untracked 
|  77|0x000000070e600000, 0x000000070e7c34b8, 0x000000070e800000| 88%| E|  |TAMS 0x000000070e600000| PB 0x000000070e600000| Complete 
|  78|0x000000070e800000, 0x000000070ea00000, 0x000000070ea00000|100%| E|CS|TAMS 0x000000070e800000| PB 0x000000070e800000| Complete 
|  79|0x000000070ea00000, 0x000000070ec00000, 0x000000070ec00000|100%| E|CS|TAMS 0x000000070ea00000| PB 0x000000070ea00000| Complete 
|  80|0x000000070ec00000, 0x000000070ee00000, 0x000000070ee00000|100%| E|CS|TAMS 0x000000070ec00000| PB 0x000000070ec00000| Complete 
|  81|0x000000070ee00000, 0x000000070f000000, 0x000000070f000000|100%| E|CS|TAMS 0x000000070ee00000| PB 0x000000070ee00000| Complete 
|  82|0x000000070f000000, 0x000000070f200000, 0x000000070f200000|100%| E|CS|TAMS 0x000000070f000000| PB 0x000000070f000000| Complete 
|  83|0x000000070f200000, 0x000000070f400000, 0x000000070f400000|100%| E|CS|TAMS 0x000000070f200000| PB 0x000000070f200000| Complete 
|  84|0x000000070f400000, 0x000000070f600000, 0x000000070f600000|100%| E|CS|TAMS 0x000000070f400000| PB 0x000000070f400000| Complete 
|  85|0x000000070f600000, 0x000000070f800000, 0x000000070f800000|100%| E|CS|TAMS 0x000000070f600000| PB 0x000000070f600000| Complete 
|  86|0x000000070f800000, 0x000000070fa00000, 0x000000070fa00000|100%| E|CS|TAMS 0x000000070f800000| PB 0x000000070f800000| Complete 
|  87|0x000000070fa00000, 0x000000070fc00000, 0x000000070fc00000|100%| E|CS|TAMS 0x000000070fa00000| PB 0x000000070fa00000| Complete 
|  88|0x000000070fc00000, 0x000000070fe00000, 0x000000070fe00000|100%| E|CS|TAMS 0x000000070fc00000| PB 0x000000070fc00000| Complete 
|  89|0x000000070fe00000, 0x0000000710000000, 0x0000000710000000|100%| E|CS|TAMS 0x000000070fe00000| PB 0x000000070fe00000| Complete 
|  90|0x0000000710000000, 0x0000000710200000, 0x0000000710200000|100%| E|CS|TAMS 0x0000000710000000| PB 0x0000000710000000| Complete 
|  91|0x0000000710200000, 0x0000000710400000, 0x0000000710400000|100%| E|CS|TAMS 0x0000000710200000| PB 0x0000000710200000| Complete 
|  92|0x0000000710400000, 0x0000000710600000, 0x0000000710600000|100%| E|CS|TAMS 0x0000000710400000| PB 0x0000000710400000| Complete 
|  93|0x0000000710600000, 0x0000000710800000, 0x0000000710800000|100%| E|CS|TAMS 0x0000000710600000| PB 0x0000000710600000| Complete 
|  94|0x0000000710800000, 0x0000000710a00000, 0x0000000710a00000|100%| E|CS|TAMS 0x0000000710800000| PB 0x0000000710800000| Complete 
|  95|0x0000000710a00000, 0x0000000710c00000, 0x0000000710c00000|100%| E|CS|TAMS 0x0000000710a00000| PB 0x0000000710a00000| Complete 
|  96|0x0000000710c00000, 0x0000000710e00000, 0x0000000710e00000|100%| E|CS|TAMS 0x0000000710c00000| PB 0x0000000710c00000| Complete 
|  97|0x0000000710e00000, 0x0000000711000000, 0x0000000711000000|100%| E|CS|TAMS 0x0000000710e00000| PB 0x0000000710e00000| Complete 
|  98|0x0000000711000000, 0x0000000711200000, 0x0000000711200000|100%| E|CS|TAMS 0x0000000711000000| PB 0x0000000711000000| Complete 
|  99|0x0000000711200000, 0x0000000711400000, 0x0000000711400000|100%| E|CS|TAMS 0x0000000711200000| PB 0x0000000711200000| Complete 
| 100|0x0000000711400000, 0x0000000711600000, 0x0000000711600000|100%| E|  |TAMS 0x0000000711400000| PB 0x0000000711400000| Complete 
| 101|0x0000000711600000, 0x0000000711800000, 0x0000000711800000|100%| E|CS|TAMS 0x0000000711600000| PB 0x0000000711600000| Complete 
| 102|0x0000000711800000, 0x0000000711a00000, 0x0000000711a00000|100%| E|CS|TAMS 0x0000000711800000| PB 0x0000000711800000| Complete 
| 103|0x0000000711a00000, 0x0000000711c00000, 0x0000000711c00000|100%| E|CS|TAMS 0x0000000711a00000| PB 0x0000000711a00000| Complete 
| 104|0x0000000711c00000, 0x0000000711e00000, 0x0000000711e00000|100%| E|CS|TAMS 0x0000000711c00000| PB 0x0000000711c00000| Complete 
| 105|0x0000000711e00000, 0x0000000712000000, 0x0000000712000000|100%| E|CS|TAMS 0x0000000711e00000| PB 0x0000000711e00000| Complete 
| 106|0x0000000712000000, 0x0000000712200000, 0x0000000712200000|100%| E|CS|TAMS 0x0000000712000000| PB 0x0000000712000000| Complete 
| 107|0x0000000712200000, 0x0000000712400000, 0x0000000712400000|100%| E|CS|TAMS 0x0000000712200000| PB 0x0000000712200000| Complete 
| 108|0x0000000712400000, 0x0000000712600000, 0x0000000712600000|100%| E|CS|TAMS 0x0000000712400000| PB 0x0000000712400000| Complete 
| 109|0x0000000712600000, 0x0000000712800000, 0x0000000712800000|100%| E|CS|TAMS 0x0000000712600000| PB 0x0000000712600000| Complete 
| 112|0x0000000712c00000, 0x0000000712e00000, 0x0000000712e00000|100%| E|CS|TAMS 0x0000000712c00000| PB 0x0000000712c00000| Complete 
| 113|0x0000000712e00000, 0x0000000713000000, 0x0000000713000000|100%| E|CS|TAMS 0x0000000712e00000| PB 0x0000000712e00000| Complete 
|2005|0x00000007ff600000, 0x00000007ff800000, 0x00000007ff800000|100%| O|  |TAMS 0x00000007ff600000| PB 0x00000007ff600000| Untracked 
|2006|0x00000007ff800000, 0x00000007ffa00000, 0x00000007ffa00000|100%| O|  |TAMS 0x00000007ff800000| PB 0x00000007ff800000| Untracked 
|2007|0x00000007ffa00000, 0x00000007ffc00000, 0x00000007ffc00000|100%| E|CS|TAMS 0x00000007ffa00000| PB 0x00000007ffa00000| Complete 
|2008|0x00000007ffc00000, 0x00000007ffe00000, 0x00000007ffe00000|100%| O|  |TAMS 0x00000007ffc00000| PB 0x00000007ffc00000| Untracked 
|2009|0x00000007ffe00000, 0x0000000800000000, 0x0000000800000000|100%| O|  |TAMS 0x00000007ffe00000| PB 0x00000007ffe00000| Untracked 

Card table byte_map: [0x000001c4f1df0000,0x000001c4f25d0000] _byte_map_base: 0x000001c4ee5ca000

Marking Bits: (CMBitMap*) 0x000001c4df14a8c0
 Bits: [0x000001c4f25d0000, 0x000001c4f64a0000)

Polling page: 0x000001c4dd090000

Metaspace:

Usage:
  Non-class:     62.77 MB used.
      Class:      8.14 MB used.
       Both:     70.91 MB used.

Virtual space:
  Non-class space:       64.00 MB reserved,      63.62 MB (>99%) committed,  1 nodes.
      Class space:        1.00 GB reserved,       8.81 MB ( <1%) committed,  1 nodes.
             Both:        1.06 GB reserved,      72.44 MB (  7%) committed. 

Chunk freelists:
   Non-Class:  144.00 KB
       Class:  7.20 MB
        Both:  7.34 MB

MaxMetaspaceSize: unlimited
CompressedClassSpaceSize: 1.00 GB
Initial GC threshold: 21.00 MB
Current GC threshold: 119.00 MB
CDS: on
 - commit_granule_bytes: 65536.
 - commit_granule_words: 8192.
 - virtual_space_node_default_size: 8388608.
 - enlarge_chunks_in_place: 1.
 - use_allocation_guard: 0.


Internal statistics:

num_allocs_failed_limit: 6.
num_arena_births: 1182.
num_arena_deaths: 24.
num_vsnodes_births: 2.
num_vsnodes_deaths: 0.
num_space_committed: 1159.
num_space_uncommitted: 0.
num_chunks_returned_to_freelist: 31.
num_chunks_taken_from_freelist: 4239.
num_chunk_merges: 11.
num_chunk_splits: 2722.
num_chunks_enlarged: 1705.
num_inconsistent_stats: 0.

CodeHeap 'non-profiled nmethods': size=120000Kb used=6148Kb max_used=6151Kb free=113851Kb
 bounds [0x000001c4e9db0000, 0x000001c4ea3c0000, 0x000001c4f12e0000]
CodeHeap 'profiled nmethods': size=120000Kb used=16730Kb max_used=16730Kb free=103269Kb
 bounds [0x000001c4e22e0000, 0x000001c4e3340000, 0x000001c4e9810000]
CodeHeap 'non-nmethods': size=5760Kb used=1829Kb max_used=1909Kb free=3931Kb
 bounds [0x000001c4e9810000, 0x000001c4e9a80000, 0x000001c4e9db0000]
CodeCache: size=245760Kb, used=24707Kb, max_used=24790Kb, free=221051Kb
 total_blobs=8768, nmethods=7987, adapters=685, full_count=0
Compilation: enabled, stopped_count=0, restarted_count=0

Compilation events (20 events):
Event: 124.107 Thread 0x000001c4ffa6f270 9681       4       org.eclipse.jdt.internal.core.JavaModelManager::isExternalFile (36 bytes)
Event: 124.108 Thread 0x000001c4fd033670 nmethod 9678% 0x000001c4e24abe90 code [0x000001c4e24ac140, 0x000001c4e24ad230]
Event: 124.108 Thread 0x000001c4fd033670 9680       3       org.eclipse.jdt.internal.core.ClasspathEntry::isModular (67 bytes)
Event: 124.108 Thread 0x000001c4fd033670 nmethod 9680 0x000001c4e2e50910 code [0x000001c4e2e50b00, 0x000001c4e2e50f28]
Event: 124.108 Thread 0x000001c4fd033670 9679       3       org.eclipse.jdt.internal.core.ClasspathEntry::isModular (5 bytes)
Event: 124.108 Thread 0x000001c4fd033670 nmethod 9679 0x000001c4e2d2d890 code [0x000001c4e2d2da40, 0x000001c4e2d2db78]
Event: 124.108 Thread 0x000001c4fd033670 9683       3       org.eclipse.jdt.internal.core.ClasspathEntry::getRawExternalAnnotationPath (8 bytes)
Event: 124.108 Thread 0x000001c4fd033670 nmethod 9683 0x000001c4e24ab890 code [0x000001c4e24aba40, 0x000001c4e24abb68]
Event: 124.108 Thread 0x000001c4fd033670 9687       3       org.eclipse.jdt.internal.core.builder.NameEnvironment::collectModuleEntries (351 bytes)
Event: 124.110 Thread 0x000001c4fd033670 nmethod 9687 0x000001c4e2896e90 code [0x000001c4e2897380, 0x000001c4e2899c20]
Event: 124.110 Thread 0x000001c4fd033670 9689       3       org.eclipse.jdt.internal.core.builder.ClasspathLocation::reset (1 bytes)
Event: 124.110 Thread 0x000001c4fd033670 nmethod 9689 0x000001c4e2944e10 code [0x000001c4e2944fa0, 0x000001c4e29450a8]
Event: 124.110 Thread 0x000001c4fd033670 9684       3       org.eclipse.jdt.internal.core.ClasspathEntry::getExternalAnnotationPath (198 bytes)
Event: 124.112 Thread 0x000001c4fd033670 nmethod 9684 0x000001c4e2e4e610 code [0x000001c4e2e4e9e0, 0x000001c4e2e500f8]
Event: 124.112 Thread 0x000001c4fd033670 9685       3       org.eclipse.jdt.internal.core.builder.NameEnvironment::isOnModulePath (5 bytes)
Event: 124.112 Thread 0x000001c4fd033670 nmethod 9685 0x000001c4e2b1f210 code [0x000001c4e2b1f3c0, 0x000001c4e2b1f570]
Event: 124.112 Thread 0x000001c4fd033670 9686       3       org.eclipse.jdt.internal.core.builder.ModuleEntryProcessor::computeLimitModules (30 bytes)
Event: 124.113 Thread 0x000001c4fd033670 nmethod 9686 0x000001c4e2b6c090 code [0x000001c4e2b6c340, 0x000001c4e2b6cda0]
Event: 124.113 Thread 0x000001c4fd033670 9682       3       org.eclipse.jdt.internal.core.builder.ClasspathJrt$$Lambda/0x000001c4818a4e90::apply (8 bytes)
Event: 124.113 Thread 0x000001c4fd033670 nmethod 9682 0x000001c4e2b34b90 code [0x000001c4e2b34d40, 0x000001c4e2b34f98]

GC Heap History (20 events):
Event: 102.607 GC heap before
{Heap before GC invocations=29 (full 0):
 garbage-first heap   total 110592K, used 88098K [0x0000000704c00000, 0x0000000800000000)
  region size 2048K, 14 young (28672K), 2 survivors (4096K)
 Metaspace       used 61942K, committed 63232K, reserved 1114112K
  class space    used 7300K, committed 7808K, reserved 1048576K
}
Event: 102.612 GC heap after
{Heap after GC invocations=30 (full 0):
 garbage-first heap   total 110592K, used 66014K [0x0000000704c00000, 0x0000000800000000)
  region size 2048K, 2 young (4096K), 2 survivors (4096K)
 Metaspace       used 61942K, committed 63232K, reserved 1114112K
  class space    used 7300K, committed 7808K, reserved 1048576K
}
Event: 102.890 GC heap before
{Heap before GC invocations=30 (full 0):
 garbage-first heap   total 110592K, used 98782K [0x0000000704c00000, 0x0000000800000000)
  region size 2048K, 18 young (36864K), 2 survivors (4096K)
 Metaspace       used 62000K, committed 63296K, reserved 1114112K
  class space    used 7303K, committed 7808K, reserved 1048576K
}
Event: 102.896 GC heap after
{Heap after GC invocations=31 (full 0):
 garbage-first heap   total 110592K, used 68568K [0x0000000704c00000, 0x0000000800000000)
  region size 2048K, 3 young (6144K), 3 survivors (6144K)
 Metaspace       used 62000K, committed 63296K, reserved 1114112K
  class space    used 7303K, committed 7808K, reserved 1048576K
}
Event: 104.307 GC heap before
{Heap before GC invocations=31 (full 0):
 garbage-first heap   total 110592K, used 101336K [0x0000000704c00000, 0x0000000800000000)
  region size 2048K, 19 young (38912K), 3 survivors (6144K)
 Metaspace       used 64793K, committed 66176K, reserved 1114112K
  class space    used 7629K, committed 8192K, reserved 1048576K
}
Event: 104.311 GC heap after
{Heap after GC invocations=32 (full 0):
 garbage-first heap   total 241664K, used 69529K [0x0000000704c00000, 0x0000000800000000)
  region size 2048K, 2 young (4096K), 2 survivors (4096K)
 Metaspace       used 64793K, committed 66176K, reserved 1114112K
  class space    used 7629K, committed 8192K, reserved 1048576K
}
Event: 107.572 GC heap before
{Heap before GC invocations=33 (full 0):
 garbage-first heap   total 239616K, used 206745K [0x0000000704c00000, 0x0000000800000000)
  region size 2048K, 70 young (143360K), 2 survivors (4096K)
 Metaspace       used 70071K, committed 71488K, reserved 1114112K
  class space    used 8103K, committed 8768K, reserved 1048576K
}
Event: 107.579 GC heap after
{Heap after GC invocations=34 (full 0):
 garbage-first heap   total 239616K, used 73060K [0x0000000704c00000, 0x0000000800000000)
  region size 2048K, 4 young (8192K), 4 survivors (8192K)
 Metaspace       used 70071K, committed 71488K, reserved 1114112K
  class space    used 8103K, committed 8768K, reserved 1048576K
}
Event: 110.028 GC heap before
{Heap before GC invocations=34 (full 0):
 garbage-first heap   total 239616K, used 208228K [0x0000000704c00000, 0x0000000800000000)
  region size 2048K, 70 young (143360K), 4 survivors (8192K)
 Metaspace       used 70099K, committed 71616K, reserved 1114112K
  class space    used 8103K, committed 8768K, reserved 1048576K
}
Event: 110.033 GC heap after
{Heap after GC invocations=35 (full 0):
 garbage-first heap   total 239616K, used 74569K [0x0000000704c00000, 0x0000000800000000)
  region size 2048K, 5 young (10240K), 5 survivors (10240K)
 Metaspace       used 70099K, committed 71616K, reserved 1114112K
  class space    used 8103K, committed 8768K, reserved 1048576K
}
Event: 112.404 GC heap before
{Heap before GC invocations=35 (full 0):
 garbage-first heap   total 239616K, used 205641K [0x0000000704c00000, 0x0000000800000000)
  region size 2048K, 70 young (143360K), 5 survivors (10240K)
 Metaspace       used 70138K, committed 71616K, reserved 1114112K
  class space    used 8107K, committed 8768K, reserved 1048576K
}
Event: 112.409 GC heap after
{Heap after GC invocations=36 (full 0):
 garbage-first heap   total 239616K, used 76032K [0x0000000704c00000, 0x0000000800000000)
  region size 2048K, 5 young (10240K), 5 survivors (10240K)
 Metaspace       used 70138K, committed 71616K, reserved 1114112K
  class space    used 8107K, committed 8768K, reserved 1048576K
}
Event: 120.565 GC heap before
{Heap before GC invocations=36 (full 0):
 garbage-first heap   total 239616K, used 209152K [0x0000000704c00000, 0x0000000800000000)
  region size 2048K, 70 young (143360K), 5 survivors (10240K)
 Metaspace       used 70170K, committed 71616K, reserved 1114112K
  class space    used 8109K, committed 8768K, reserved 1048576K
}
Event: 120.573 GC heap after
{Heap after GC invocations=37 (full 0):
 garbage-first heap   total 239616K, used 77425K [0x0000000704c00000, 0x0000000800000000)
  region size 2048K, 6 young (12288K), 6 survivors (12288K)
 Metaspace       used 70170K, committed 71616K, reserved 1114112K
  class space    used 8109K, committed 8768K, reserved 1048576K
}
Event: 123.189 GC heap before
{Heap before GC invocations=37 (full 0):
 garbage-first heap   total 239616K, used 208497K [0x0000000704c00000, 0x0000000800000000)
  region size 2048K, 70 young (143360K), 6 survivors (12288K)
 Metaspace       used 70690K, committed 72256K, reserved 1114112K
  class space    used 8162K, committed 8832K, reserved 1048576K
}
Event: 123.195 GC heap after
{Heap after GC invocations=38 (full 0):
 garbage-first heap   total 239616K, used 79390K [0x0000000704c00000, 0x0000000800000000)
  region size 2048K, 6 young (12288K), 6 survivors (12288K)
 Metaspace       used 70690K, committed 72256K, reserved 1114112K
  class space    used 8162K, committed 8832K, reserved 1048576K
}
Event: 123.576 GC heap before
{Heap before GC invocations=38 (full 0):
 garbage-first heap   total 239616K, used 210462K [0x0000000704c00000, 0x0000000800000000)
  region size 2048K, 70 young (143360K), 6 survivors (12288K)
 Metaspace       used 71451K, committed 73024K, reserved 1114112K
  class space    used 8223K, committed 8896K, reserved 1048576K
}
Event: 123.584 GC heap after
{Heap after GC invocations=39 (full 0):
 garbage-first heap   total 239616K, used 82059K [0x0000000704c00000, 0x0000000800000000)
  region size 2048K, 7 young (14336K), 7 survivors (14336K)
 Metaspace       used 71451K, committed 73024K, reserved 1114112K
  class space    used 8223K, committed 8896K, reserved 1048576K
}
Event: 123.896 GC heap before
{Heap before GC invocations=40 (full 0):
 garbage-first heap   total 239616K, used 209035K [0x0000000704c00000, 0x0000000800000000)
  region size 2048K, 70 young (143360K), 7 survivors (14336K)
 Metaspace       used 72145K, committed 73728K, reserved 1114112K
  class space    used 8289K, committed 8960K, reserved 1048576K
}
Event: 123.901 GC heap after
{Heap after GC invocations=41 (full 0):
 garbage-first heap   total 239616K, used 83292K [0x0000000704c00000, 0x0000000800000000)
  region size 2048K, 6 young (12288K), 6 survivors (12288K)
 Metaspace       used 72145K, committed 73728K, reserved 1114112K
  class space    used 8289K, committed 8960K, reserved 1048576K
}

Dll operation events (15 events):
Event: 0.085 Loaded shared library c:\Users\dltkd\.vscode\extensions\redhat.java-1.52.0-win32-x64\jre\21.0.9-win32-x86_64\bin\java.dll
Event: 0.142 Loaded shared library c:\Users\dltkd\.vscode\extensions\redhat.java-1.52.0-win32-x64\jre\21.0.9-win32-x86_64\bin\zip.dll
Event: 0.406 Loaded shared library C:\Users\dltkd\.vscode\extensions\redhat.java-1.52.0-win32-x64\jre\21.0.9-win32-x86_64\bin\instrument.dll
Event: 0.484 Loaded shared library C:\Users\dltkd\.vscode\extensions\redhat.java-1.52.0-win32-x64\jre\21.0.9-win32-x86_64\bin\net.dll
Event: 0.492 Loaded shared library C:\Users\dltkd\.vscode\extensions\redhat.java-1.52.0-win32-x64\jre\21.0.9-win32-x86_64\bin\nio.dll
Event: 0.498 Loaded shared library C:\Users\dltkd\.vscode\extensions\redhat.java-1.52.0-win32-x64\jre\21.0.9-win32-x86_64\bin\zip.dll
Event: 0.615 Loaded shared library C:\Users\dltkd\.vscode\extensions\redhat.java-1.52.0-win32-x64\jre\21.0.9-win32-x86_64\bin\jimage.dll
Event: 0.846 Loaded shared library c:\Users\dltkd\.vscode\extensions\redhat.java-1.52.0-win32-x64\jre\21.0.9-win32-x86_64\bin\verify.dll
Event: 40.358 Loaded shared library C:\Users\dltkd\AppData\Roaming\Code\User\globalStorage\redhat.java\1.52.0\config_win\org.eclipse.equinox.launcher\org.eclipse.equinox.launcher.win32.win32.x86_64_1.2.1500.v20260121-1430\eclipse_11919.dll
Event: 83.906 Loaded shared library C:\Users\dltkd\AppData\Local\Temp\jna-95684421\jna18238803428374311414.dll
Event: 91.114 Loaded shared library C:\Users\dltkd\.gradle\native\660c5614fbf4a5f2a75b1949f50a0caf5cd603558e7d8a26e50b933a0cfb79d1\windows-amd64\native-platform.dll
Event: 99.689 Loaded shared library C:\Users\dltkd\.vscode\extensions\redhat.java-1.52.0-win32-x64\jre\21.0.9-win32-x86_64\bin\management.dll
Event: 99.698 Loaded shared library C:\Users\dltkd\.vscode\extensions\redhat.java-1.52.0-win32-x64\jre\21.0.9-win32-x86_64\bin\management_ext.dll
Event: 100.496 Loaded shared library C:\Users\dltkd\.vscode\extensions\redhat.java-1.52.0-win32-x64\jre\21.0.9-win32-x86_64\bin\sunmscapi.dll
Event: 100.608 Loaded shared library C:\Users\dltkd\.vscode\extensions\redhat.java-1.52.0-win32-x64\jre\21.0.9-win32-x86_64\bin\extnet.dll

Deoptimization events (20 events):
Event: 123.971 Thread 0x000001c4ffaaeca0 Uncommon trap: trap_request=0xffffffd6 fr.pc=0x000001c4e9ebfec4 relative=0x0000000000000884
Event: 123.971 Thread 0x000001c4ffaaeca0 Uncommon trap: reason=array_check action=maybe_recompile pc=0x000001c4e9ebfec4 method=java.util.ImmutableCollections$List12.toArray([Ljava/lang/Object;)[Ljava/lang/Object; @ 36 c2
Event: 123.971 Thread 0x000001c4ffaaeca0 DEOPT PACKING pc=0x000001c4e9ebfec4 sp=0x0000003caf3fde40
Event: 123.971 Thread 0x000001c4ffaaeca0 DEOPT UNPACKING pc=0x000001c4e9867ba2 sp=0x0000003caf3fdcc0 mode 2
Event: 123.971 Thread 0x000001c4ffaaeca0 Uncommon trap: trap_request=0xffffffcc fr.pc=0x000001c4e9ebfbf4 relative=0x00000000000005b4
Event: 123.971 Thread 0x000001c4ffaaeca0 Uncommon trap: reason=intrinsic_or_type_checked_inlining action=make_not_entrant pc=0x000001c4e9ebfbf4 method=java.util.ImmutableCollections$ListN.toArray([Ljava/lang/Object;)[Ljava/lang/Object; @ 33 c2
Event: 123.971 Thread 0x000001c4ffaaeca0 DEOPT PACKING pc=0x000001c4e9ebfbf4 sp=0x0000003caf3fde40
Event: 123.971 Thread 0x000001c4ffaaeca0 DEOPT UNPACKING pc=0x000001c4e9867ba2 sp=0x0000003caf3fdcb8 mode 2
Event: 124.055 Thread 0x000001c4ffab4880 Uncommon trap: trap_request=0xffffffbe fr.pc=0x000001c4ea2c9c14 relative=0x0000000000000df4
Event: 124.055 Thread 0x000001c4ffab4880 Uncommon trap: reason=profile_predicate action=maybe_recompile pc=0x000001c4ea2c9c14 method=java.util.regex.Pattern$BnM.optimize(Ljava/util/regex/Pattern$Node;)Ljava/util/regex/Pattern$Node; @ 67 c2
Event: 124.055 Thread 0x000001c4ffab4880 DEOPT PACKING pc=0x000001c4ea2c9c14 sp=0x0000003caf0fe8f0
Event: 124.056 Thread 0x000001c4ffab4880 DEOPT UNPACKING pc=0x000001c4e9867ba2 sp=0x0000003caf0fe850 mode 2
Event: 124.056 Thread 0x000001c4ffab4880 Uncommon trap: trap_request=0xffffffbe fr.pc=0x000001c4ea2c9c14 relative=0x0000000000000df4
Event: 124.056 Thread 0x000001c4ffab4880 Uncommon trap: reason=profile_predicate action=maybe_recompile pc=0x000001c4ea2c9c14 method=java.util.regex.Pattern$BnM.optimize(Ljava/util/regex/Pattern$Node;)Ljava/util/regex/Pattern$Node; @ 67 c2
Event: 124.056 Thread 0x000001c4ffab4880 DEOPT PACKING pc=0x000001c4ea2c9c14 sp=0x0000003caf0fe8f0
Event: 124.056 Thread 0x000001c4ffab4880 DEOPT UNPACKING pc=0x000001c4e9867ba2 sp=0x0000003caf0fe850 mode 2
Event: 124.106 Thread 0x000001c4ffab4880 Uncommon trap: trap_request=0xffffff45 fr.pc=0x000001c4ea0fe134 relative=0x0000000000000ef4
Event: 124.106 Thread 0x000001c4ffab4880 Uncommon trap: reason=unstable_if action=reinterpret pc=0x000001c4ea0fe134 method=org.eclipse.jdt.internal.core.index.DiskIndex.readStreamChars(Ljava/io/InputStream;)[C @ 1 c2
Event: 124.106 Thread 0x000001c4ffab4880 DEOPT PACKING pc=0x000001c4ea0fe134 sp=0x0000003caf0fde30
Event: 124.106 Thread 0x000001c4ffab4880 DEOPT UNPACKING pc=0x000001c4e9867ba2 sp=0x0000003caf0fddb8 mode 2

Classes loaded (20 events):
Event: 106.675 Loading class java/lang/UnsupportedClassVersionError
Event: 106.675 Loading class java/lang/UnsupportedClassVersionError done
Event: 106.804 Loading class java/util/Hashtable$KeySet
Event: 106.805 Loading class java/util/Hashtable$KeySet done
Event: 123.069 Loading class java/util/stream/DistinctOps
Event: 123.070 Loading class java/util/stream/DistinctOps done
Event: 123.070 Loading class java/util/stream/DistinctOps$1
Event: 123.070 Loading class java/util/stream/DistinctOps$1 done
Event: 123.071 Loading class java/util/stream/DistinctOps$1$2
Event: 123.071 Loading class java/util/stream/DistinctOps$1$2 done
Event: 123.397 Loading class java/util/ImmutableCollections$SubList
Event: 123.399 Loading class java/util/ImmutableCollections$SubList done
Event: 123.479 Loading class java/util/zip/CheckedInputStream
Event: 123.479 Loading class java/util/zip/CheckedInputStream done
Event: 124.009 Loading class java/util/AbstractList$RandomAccessSubList
Event: 124.009 Loading class java/util/AbstractList$SubList
Event: 124.010 Loading class java/util/AbstractList$SubList done
Event: 124.010 Loading class java/util/AbstractList$RandomAccessSubList done
Event: 124.010 Loading class java/util/AbstractList$SubList$1
Event: 124.010 Loading class java/util/AbstractList$SubList$1 done

Classes unloaded (12 events):
Event: 86.518 Thread 0x000001c4f8ec7870 Unloading class 0x000001c4811a8800 'java/lang/invoke/LambdaForm$MH+0x000001c4811a8800'
Event: 86.518 Thread 0x000001c4f8ec7870 Unloading class 0x000001c4811a8400 'java/lang/invoke/LambdaForm$MH+0x000001c4811a8400'
Event: 86.518 Thread 0x000001c4f8ec7870 Unloading class 0x000001c4811a8000 'java/lang/invoke/LambdaForm$MH+0x000001c4811a8000'
Event: 86.518 Thread 0x000001c4f8ec7870 Unloading class 0x000001c4811a7c00 'java/lang/invoke/LambdaForm$MH+0x000001c4811a7c00'
Event: 86.518 Thread 0x000001c4f8ec7870 Unloading class 0x000001c4811a7800 'java/lang/invoke/LambdaForm$BMH+0x000001c4811a7800'
Event: 86.518 Thread 0x000001c4f8ec7870 Unloading class 0x000001c4811a7400 'java/lang/invoke/LambdaForm$DMH+0x000001c4811a7400'
Event: 86.518 Thread 0x000001c4f8ec7870 Unloading class 0x000001c4811a6400 'java/lang/invoke/LambdaForm$DMH+0x000001c4811a6400'
Event: 91.806 Thread 0x000001c4f8ec7870 Unloading class 0x000001c48131bc00 'java/lang/invoke/LambdaForm$MH+0x000001c48131bc00'
Event: 91.806 Thread 0x000001c4f8ec7870 Unloading class 0x000001c48131b000 'java/lang/invoke/LambdaForm$MH+0x000001c48131b000'
Event: 91.806 Thread 0x000001c4f8ec7870 Unloading class 0x000001c48131a800 'java/lang/invoke/LambdaForm$MH+0x000001c48131a800'
Event: 91.806 Thread 0x000001c4f8ec7870 Unloading class 0x000001c48131a000 'java/lang/invoke/LambdaForm$DMH+0x000001c48131a000'
Event: 91.806 Thread 0x000001c4f8ec7870 Unloading class 0x000001c481319800 'java/lang/invoke/LambdaForm$MH+0x000001c481319800'

Classes redefined (0 events):
No events

Internal exceptions (20 events):
Event: 123.053 Thread 0x000001c4ffab4880 Exception <a 'java/io/FileNotFoundException'{0x000000070c406b10}> (0x000000070c406b10) 
thrown [s\src\hotspot\share\prims\jni.cpp, line 520]
Event: 123.062 Thread 0x000001c4ffab4880 Exception <a 'sun/nio/fs/WindowsException'{0x000000070c56b7e8}> (0x000000070c56b7e8) 
thrown [s\src\hotspot\share\prims\jni.cpp, line 520]
Event: 123.062 Thread 0x000001c4ffab4880 Exception <a 'sun/nio/fs/WindowsException'{0x000000070c56c298}> (0x000000070c56c298) 
thrown [s\src\hotspot\share\prims\jni.cpp, line 520]
Event: 123.097 Thread 0x000001c4ffab5c30 Exception <a 'sun/nio/fs/WindowsException'{0x000000070c8818d8}> (0x000000070c8818d8) 
thrown [s\src\hotspot\share\prims\jni.cpp, line 520]
Event: 123.097 Thread 0x000001c4ffab5c30 Exception <a 'sun/nio/fs/WindowsException'{0x000000070c882388}> (0x000000070c882388) 
thrown [s\src\hotspot\share\prims\jni.cpp, line 520]
Event: 123.098 Thread 0x000001c4ffab5c30 Exception <a 'sun/nio/fs/WindowsException'{0x000000070c883520}> (0x000000070c883520) 
thrown [s\src\hotspot\share\prims\jni.cpp, line 520]
Event: 123.098 Thread 0x000001c4ffab5c30 Exception <a 'sun/nio/fs/WindowsException'{0x000000070c883fd0}> (0x000000070c883fd0) 
thrown [s\src\hotspot\share\prims\jni.cpp, line 520]
Event: 123.100 Thread 0x000001c4ffab5c30 Exception <a 'sun/nio/fs/WindowsException'{0x000000070c885b90}> (0x000000070c885b90) 
thrown [s\src\hotspot\share\prims\jni.cpp, line 520]
Event: 123.100 Thread 0x000001c4ffab5c30 Exception <a 'sun/nio/fs/WindowsException'{0x000000070c886640}> (0x000000070c886640) 
thrown [s\src\hotspot\share\prims\jni.cpp, line 520]
Event: 123.159 Thread 0x000001c4feac95b0 Exception <a 'sun/nio/fs/WindowsException'{0x000000070b00a188}> (0x000000070b00a188) 
thrown [s\src\hotspot\share\prims\jni.cpp, line 520]
Event: 123.160 Thread 0x000001c4feac95b0 Exception <a 'sun/nio/fs/WindowsException'{0x000000070b00a988}> (0x000000070b00a988) 
thrown [s\src\hotspot\share\prims\jni.cpp, line 520]
Event: 123.219 Thread 0x000001c4ffab4880 Exception <a 'java/lang/NoSuchMethodError'{0x0000000712e2eeb0}: 'java.lang.Object java.lang.invoke.DirectMethodHandle$Holder.invokeStaticInit(java.lang.Object, java.lang.Object, java.lang.Object)'> (0x0000000712e2eeb0) 
thrown [s\src\hotspot\share\interpreter\linkResolver.cpp, line 773]
Event: 123.247 Thread 0x000001c4ffab5c30 Exception <a 'java/lang/ArrayIndexOutOfBoundsException'{0x0000000711c15478}: Index 3044 out of bounds for length 3043> (0x0000000711c15478) 
thrown [s\src\hotspot\share\interpreter\interpreterRuntime.cpp, line 439]
Event: 123.320 Thread 0x000001c4feac74e0 Exception <a 'java/io/FileNotFoundException'{0x0000000711721fa0}> (0x0000000711721fa0) 
thrown [s\src\hotspot\share\prims\jni.cpp, line 520]
Event: 123.321 Thread 0x000001c4feac74e0 Exception <a 'java/io/FileNotFoundException'{0x0000000711102a70}> (0x0000000711102a70) 
thrown [s\src\hotspot\share\prims\jni.cpp, line 520]
Event: 123.321 Thread 0x000001c4feac74e0 Exception <a 'java/io/FileNotFoundException'{0x0000000711103cf8}> (0x0000000711103cf8) 
thrown [s\src\hotspot\share\prims\jni.cpp, line 520]
Event: 123.470 Thread 0x000001c4feac95b0 Exception <a 'sun/nio/fs/WindowsException'{0x000000070d503260}> (0x000000070d503260) 
thrown [s\src\hotspot\share\prims\jni.cpp, line 520]
Event: 123.471 Thread 0x000001c4feac95b0 Exception <a 'sun/nio/fs/WindowsException'{0x000000070d503a60}> (0x000000070d503a60) 
thrown [s\src\hotspot\share\prims\jni.cpp, line 520]
Event: 123.639 Thread 0x000001c4feaca960 Implicit null exception at 0x000001c4ea0cef3b to 0x000001c4ea0cf5f4
Event: 124.106 Thread 0x000001c4ffab4880 Implicit null exception at 0x000001c4ea0fd282 to 0x000001c4ea0fe120

ZGC Phase Switch (0 events):
No events

VM Operations (20 events):
Event: 120.565 Executing VM operation: G1CollectForAllocation (G1 Evacuation Pause)
Event: 120.573 Executing VM operation: G1CollectForAllocation (G1 Evacuation Pause) done
Event: 123.025 Executing VM operation: HandshakeAllThreads (Deoptimize)
Event: 123.025 Executing VM operation: HandshakeAllThreads (Deoptimize) done
Event: 123.025 Executing VM operation: Cleanup
Event: 123.025 Executing VM operation: Cleanup done
Event: 123.079 Executing VM operation: HandshakeAllThreads (Deoptimize)
Event: 123.096 Executing VM operation: HandshakeAllThreads (Deoptimize) done
Event: 123.189 Executing VM operation: G1CollectForAllocation (G1 Evacuation Pause)
Event: 123.195 Executing VM operation: G1CollectForAllocation (G1 Evacuation Pause) done
Event: 123.576 Executing VM operation: G1CollectForAllocation (G1 Evacuation Pause)
Event: 123.585 Executing VM operation: G1CollectForAllocation (G1 Evacuation Pause) done
Event: 123.654 Executing VM operation: G1PauseRemark
Event: 123.662 Executing VM operation: G1PauseRemark done
Event: 123.683 Executing VM operation: G1PauseCleanup
Event: 123.684 Executing VM operation: G1PauseCleanup done
Event: 123.895 Executing VM operation: G1CollectForAllocation (G1 Evacuation Pause)
Event: 123.901 Executing VM operation: G1CollectForAllocation (G1 Evacuation Pause) done
Event: 124.014 Executing VM operation: HandshakeAllThreads (Deoptimize)
Event: 124.030 Executing VM operation: HandshakeAllThreads (Deoptimize) done

Memory protections (0 events):
No events

Nmethod flushes (20 events):
Event: 123.660 Thread 0x000001c4f8ec7870 flushing  nmethod 0x000001c4e3054610
Event: 123.660 Thread 0x000001c4f8ec7870 flushing osr nmethod 0x000001c4e9ebdc10
Event: 123.660 Thread 0x000001c4f8ec7870 flushing  nmethod 0x000001c4ea1a4090
Event: 123.660 Thread 0x000001c4f8ec7870 flushing  nmethod 0x000001c4ea1ec210
Event: 123.660 Thread 0x000001c4f8ec7870 flushing  nmethod 0x000001c4e23a0610
Event: 123.660 Thread 0x000001c4f8ec7870 flushing  nmethod 0x000001c4e243d990
Event: 123.660 Thread 0x000001c4f8ec7870 flushing  nmethod 0x000001c4e2443b90
Event: 123.660 Thread 0x000001c4f8ec7870 flushing  nmethod 0x000001c4e25be410
Event: 123.660 Thread 0x000001c4f8ec7870 flushing  nmethod 0x000001c4e269b010
Event: 123.660 Thread 0x000001c4f8ec7870 flushing  nmethod 0x000001c4e2d2d890
Event: 123.660 Thread 0x000001c4f8ec7870 flushing  nmethod 0x000001c4ea24b310
Event: 123.660 Thread 0x000001c4f8ec7870 flushing  nmethod 0x000001c4ea24ed90
Event: 123.660 Thread 0x000001c4f8ec7870 flushing  nmethod 0x000001c4e2344190
Event: 123.660 Thread 0x000001c4f8ec7870 flushing  nmethod 0x000001c4e2345310
Event: 123.660 Thread 0x000001c4f8ec7870 flushing  nmethod 0x000001c4e24ab890
Event: 123.660 Thread 0x000001c4f8ec7870 flushing  nmethod 0x000001c4e2500e90
Event: 123.660 Thread 0x000001c4f8ec7870 flushing  nmethod 0x000001c4e26a6a10
Event: 123.660 Thread 0x000001c4f8ec7870 flushing  nmethod 0x000001c4e2896e90
Event: 123.660 Thread 0x000001c4f8ec7870 flushing  nmethod 0x000001c4e2bbab90
Event: 123.660 Thread 0x000001c4f8ec7870 flushing  nmethod 0x000001c4e2dcea10

Events (20 events):
Event: 101.954 Thread 0x000001c4f8ef19f0 Thread added: 0x000001c4ffa6f270
Event: 103.360 Thread 0x000001c4ffa6f270 Thread exited: 0x000001c4ffa6f270
Event: 103.361 Thread 0x000001c4ffa6f940 Thread exited: 0x000001c4ffa6f940
Event: 105.018 Thread 0x000001c4fd033670 Thread added: 0x000001c4ffa72220
Event: 105.130 Thread 0x000001c4fd033670 Thread added: 0x000001c4ffa728f0
Event: 105.761 Thread 0x000001c4ffa728f0 Thread exited: 0x000001c4ffa728f0
Event: 105.988 Thread 0x000001c4ffa72220 Thread exited: 0x000001c4ffa72220
Event: 106.995 Thread 0x000001c4fd033670 Thread added: 0x000001c4ffa72220
Event: 107.062 Thread 0x000001c4fd033670 Thread added: 0x000001c4ffa728f0
Event: 107.662 Thread 0x000001c4ffa728f0 Thread exited: 0x000001c4ffa728f0
Event: 107.755 Thread 0x000001c4ffa72220 Thread exited: 0x000001c4ffa72220
Event: 110.040 Thread 0x000001c4fd033670 Thread added: 0x000001c4ffa70db0
Event: 110.608 Thread 0x000001c4ffa70db0 Thread exited: 0x000001c4ffa70db0
Event: 111.054 Thread 0x000001c4f8ef19f0 Thread added: 0x000001c4ffa6f940
Event: 111.420 Thread 0x000001c4ffa6f940 Thread exited: 0x000001c4ffa6f940
Event: 111.557 Thread 0x000001c4c2cdee00 Thread exited: 0x000001c4c2cdee00
Event: 123.003 Thread 0x000001c4fd033670 Thread added: 0x000001c4ffa6f270
Event: 123.510 Thread 0x000001c4fd033670 Thread added: 0x000001c4ffa6f940
Event: 123.985 Thread 0x000001c4ffa6f940 Thread exited: 0x000001c4ffa6f940
Event: 124.069 Thread 0x000001c4feaca2d0 Thread added: 0x000001c4c2cdfb20


Dynamic libraries:
0x00007ff717230000 - 0x00007ff71723e000 	c:\Users\dltkd\.vscode\extensions\redhat.java-1.52.0-win32-x64\jre\21.0.9-win32-x86_64\bin\java.exe
0x00007fffe4170000 - 0x00007fffe4388000 	C:\Windows\SYSTEM32\ntdll.dll
0x00007fffe3720000 - 0x00007fffe37e4000 	C:\Windows\System32\KERNEL32.DLL
0x00007fffe1600000 - 0x00007fffe19d3000 	C:\Windows\System32\KERNELBASE.dll
0x00007fffe1ad0000 - 0x00007fffe1be1000 	C:\Windows\System32\ucrtbase.dll
0x00007fff689d0000 - 0x00007fff689e8000 	c:\Users\dltkd\.vscode\extensions\redhat.java-1.52.0-win32-x64\jre\21.0.9-win32-x86_64\bin\jli.dll
0x00007fffe1e10000 - 0x00007fffe1fc2000 	C:\Windows\System32\USER32.dll
0x00007fffe19e0000 - 0x00007fffe1a06000 	C:\Windows\System32\win32u.dll
0x00007fffe3fc0000 - 0x00007fffe3fe9000 	C:\Windows\System32\GDI32.dll
0x00007fffe1cf0000 - 0x00007fffe1e0b000 	C:\Windows\System32\gdi32full.dll
0x00007fffe1280000 - 0x00007fffe131a000 	C:\Windows\System32\msvcp_win.dll
0x00007fff48a60000 - 0x00007fff48a7e000 	c:\Users\dltkd\.vscode\extensions\redhat.java-1.52.0-win32-x64\jre\21.0.9-win32-x86_64\bin\VCRUNTIME140.dll
0x00007fffcdbe0000 - 0x00007fffcde7c000 	C:\Windows\WinSxS\amd64_microsoft.windows.common-controls_6595b64144ccf1df_6.0.22621.6060_none_2712eda17382d24b\COMCTL32.dll
0x00007fffe3930000 - 0x00007fffe39d7000 	C:\Windows\System32\msvcrt.dll
0x00007fffe2a90000 - 0x00007fffe2ac1000 	C:\Windows\System32\IMM32.DLL
0x00007fffb23b0000 - 0x00007fffb23bc000 	c:\Users\dltkd\.vscode\extensions\redhat.java-1.52.0-win32-x64\jre\21.0.9-win32-x86_64\bin\vcruntime140_1.dll
0x00007fff68940000 - 0x00007fff689cd000 	c:\Users\dltkd\.vscode\extensions\redhat.java-1.52.0-win32-x64\jre\21.0.9-win32-x86_64\bin\msvcp140.dll
0x00007fff47cc0000 - 0x00007fff48a60000 	c:\Users\dltkd\.vscode\extensions\redhat.java-1.52.0-win32-x64\jre\21.0.9-win32-x86_64\bin\server\jvm.dll
0x00007fffe2480000 - 0x00007fffe2531000 	C:\Windows\System32\ADVAPI32.dll
0x00007fffe3670000 - 0x00007fffe3718000 	C:\Windows\System32\sechost.dll
0x00007fffe15d0000 - 0x00007fffe15f8000 	C:\Windows\System32\bcrypt.dll
0x00007fffe3810000 - 0x00007fffe3928000 	C:\Windows\System32\RPCRT4.dll
0x00007fffe2590000 - 0x00007fffe2601000 	C:\Windows\System32\WS2_32.dll
0x00007fffe05b0000 - 0x00007fffe05fd000 	C:\Windows\SYSTEM32\POWRPROF.dll
0x00007fffd7150000 - 0x00007fffd7184000 	C:\Windows\SYSTEM32\WINMM.dll
0x00007fffdd390000 - 0x00007fffdd39a000 	C:\Windows\SYSTEM32\VERSION.dll
0x00007fffe04e0000 - 0x00007fffe04f3000 	C:\Windows\SYSTEM32\UMPDC.dll
0x00007fffe02b0000 - 0x00007fffe02c8000 	C:\Windows\SYSTEM32\kernel.appcore.dll
0x00007fffa48d0000 - 0x00007fffa48da000 	c:\Users\dltkd\.vscode\extensions\redhat.java-1.52.0-win32-x64\jre\21.0.9-win32-x86_64\bin\jimage.dll
0x00007fffde8b0000 - 0x00007fffdeae3000 	C:\Windows\SYSTEM32\DBGHELP.DLL
0x00007fffe20e0000 - 0x00007fffe2471000 	C:\Windows\System32\combase.dll
0x00007fffe3a60000 - 0x00007fffe3b38000 	C:\Windows\System32\OLEAUT32.dll
0x00007fffb2400000 - 0x00007fffb2432000 	C:\Windows\SYSTEM32\dbgcore.DLL
0x00007fffe1bf0000 - 0x00007fffe1c6b000 	C:\Windows\System32\bcryptPrimitives.dll
0x00007fff9baf0000 - 0x00007fff9baff000 	c:\Users\dltkd\.vscode\extensions\redhat.java-1.52.0-win32-x64\jre\21.0.9-win32-x86_64\bin\instrument.dll
0x00007fff688f0000 - 0x00007fff68910000 	c:\Users\dltkd\.vscode\extensions\redhat.java-1.52.0-win32-x64\jre\21.0.9-win32-x86_64\bin\java.dll
0x00007fffe2c30000 - 0x00007fffe34cc000 	C:\Windows\System32\SHELL32.dll
0x00007fffe1490000 - 0x00007fffe15cf000 	C:\Windows\System32\wintypes.dll
0x00007fffdf130000 - 0x00007fffdfa4a000 	C:\Windows\SYSTEM32\windows.storage.dll
0x00007fffe34d0000 - 0x00007fffe35d4000 	C:\Windows\System32\SHCORE.dll
0x00007fffe3ff0000 - 0x00007fffe4059000 	C:\Windows\System32\shlwapi.dll
0x00007fffe11b0000 - 0x00007fffe11d5000 	C:\Windows\SYSTEM32\profapi.dll
0x00007fff48da0000 - 0x00007fff48db8000 	c:\Users\dltkd\.vscode\extensions\redhat.java-1.52.0-win32-x64\jre\21.0.9-win32-x86_64\bin\zip.dll
0x00007fff9a830000 - 0x00007fff9a840000 	C:\Users\dltkd\.vscode\extensions\redhat.java-1.52.0-win32-x64\jre\21.0.9-win32-x86_64\bin\net.dll
0x00007fffdc8b0000 - 0x00007fffdc9dc000 	C:\Windows\SYSTEM32\WINHTTP.dll
0x00007fffe0830000 - 0x00007fffe0899000 	C:\Windows\system32\mswsock.dll
0x00007fff688a0000 - 0x00007fff688b6000 	C:\Users\dltkd\.vscode\extensions\redhat.java-1.52.0-win32-x64\jre\21.0.9-win32-x86_64\bin\nio.dll
0x00007fff97e00000 - 0x00007fff97e10000 	c:\Users\dltkd\.vscode\extensions\redhat.java-1.52.0-win32-x64\jre\21.0.9-win32-x86_64\bin\verify.dll
0x00007fff98150000 - 0x00007fff98195000 	C:\Users\dltkd\AppData\Roaming\Code\User\globalStorage\redhat.java\1.52.0\config_win\org.eclipse.equinox.launcher\org.eclipse.equinox.launcher.win32.win32.x86_64_1.2.1500.v20260121-1430\eclipse_11919.dll
0x00007fffe3e10000 - 0x00007fffe3fb1000 	C:\Windows\System32\ole32.dll
0x00007fffe0a90000 - 0x00007fffe0aab000 	C:\Windows\SYSTEM32\CRYPTSP.dll
0x00007fffe01f0000 - 0x00007fffe0227000 	C:\Windows\system32\rsaenh.dll
0x00007fffe0920000 - 0x00007fffe0948000 	C:\Windows\SYSTEM32\USERENV.dll
0x00007fffe0a80000 - 0x00007fffe0a8c000 	C:\Windows\SYSTEM32\CRYPTBASE.dll
0x00007fffdfcb0000 - 0x00007fffdfcdd000 	C:\Windows\SYSTEM32\IPHLPAPI.DLL
0x00007fffe3800000 - 0x00007fffe3809000 	C:\Windows\System32\NSI.dll
0x00007fffae1a0000 - 0x00007fffae1e9000 	C:\Users\dltkd\AppData\Local\Temp\jna-95684421\jna18238803428374311414.dll
0x00007fffe40b0000 - 0x00007fffe40b8000 	C:\Windows\System32\PSAPI.DLL
0x00007fffd6dd0000 - 0x00007fffd6de9000 	C:\Windows\SYSTEM32\dhcpcsvc6.DLL
0x00007fffd69e0000 - 0x00007fffd69ff000 	C:\Windows\SYSTEM32\dhcpcsvc.DLL
0x00007fff3f6f0000 - 0x00007fff3f717000 	C:\Users\dltkd\.gradle\native\660c5614fbf4a5f2a75b1949f50a0caf5cd603558e7d8a26e50b933a0cfb79d1\windows-amd64\native-platform.dll
0x00007fff687f0000 - 0x00007fff687fa000 	C:\Users\dltkd\.vscode\extensions\redhat.java-1.52.0-win32-x64\jre\21.0.9-win32-x86_64\bin\management.dll
0x00007fff687e0000 - 0x00007fff687ec000 	C:\Users\dltkd\.vscode\extensions\redhat.java-1.52.0-win32-x64\jre\21.0.9-win32-x86_64\bin\management_ext.dll
0x00007fff687c0000 - 0x00007fff687ce000 	C:\Users\dltkd\.vscode\extensions\redhat.java-1.52.0-win32-x64\jre\21.0.9-win32-x86_64\bin\sunmscapi.dll
0x00007fffe1320000 - 0x00007fffe1488000 	C:\Windows\System32\CRYPT32.dll
0x00007fffe0c40000 - 0x00007fffe0c6e000 	C:\Windows\SYSTEM32\ncrypt.dll
0x00007fffe0c00000 - 0x00007fffe0c37000 	C:\Windows\SYSTEM32\NTASN1.dll
0x00007fffdfd20000 - 0x00007fffdfe18000 	C:\Windows\SYSTEM32\DNSAPI.dll
0x00007fffd4440000 - 0x00007fffd444a000 	C:\Windows\System32\rasadhlp.dll
0x00007fffd4b70000 - 0x00007fffd4bf4000 	C:\Windows\System32\fwpuclnt.dll
0x00007fff626b0000 - 0x00007fff626b9000 	C:\Users\dltkd\.vscode\extensions\redhat.java-1.52.0-win32-x64\jre\21.0.9-win32-x86_64\bin\extnet.dll

JVMTI agents:
c:\Users\dltkd\.vscode\extensions\redhat.java-1.52.0-win32-x64\lombok\lombok-1.18.39-4050.jar path:c:\Users\dltkd\.vscode\extensions\redhat.java-1.52.0-win32-x64\jre\21.0.9-win32-x86_64\bin\instrument.dll, loaded, initialized, instrumentlib options:none

dbghelp: loaded successfully - version: 4.0.5 - missing functions: none
symbol engine: initialized successfully - sym options: 0x614 - pdb path: .;c:\Users\dltkd\.vscode\extensions\redhat.java-1.52.0-win32-x64\jre\21.0.9-win32-x86_64\bin;C:\Windows\SYSTEM32;C:\Windows\WinSxS\amd64_microsoft.windows.common-controls_6595b64144ccf1df_6.0.22621.6060_none_2712eda17382d24b;c:\Users\dltkd\.vscode\extensions\redhat.java-1.52.0-win32-x64\jre\21.0.9-win32-x86_64\bin\server;C:\Users\dltkd\AppData\Roaming\Code\User\globalStorage\redhat.java\1.52.0\config_win\org.eclipse.equinox.launcher\org.eclipse.equinox.launcher.win32.win32.x86_64_1.2.1500.v20260121-1430;C:\Users\dltkd\AppData\Local\Temp\jna-95684421;C:\Users\dltkd\.gradle\native\660c5614fbf4a5f2a75b1949f50a0caf5cd603558e7d8a26e50b933a0cfb79d1\windows-amd64

VM Arguments:
jvm_args: --add-modules=ALL-SYSTEM --add-opens=java.base/java.util=ALL-UNNAMED --add-opens=java.base/java.lang=ALL-UNNAMED --add-opens=java.base/sun.nio.fs=ALL-UNNAMED -Declipse.application=org.eclipse.jdt.ls.core.id1 -Dosgi.bundles.defaultStartLevel=4 -Declipse.product=org.eclipse.jdt.ls.core.product -Djava.import.generatesMetadataFilesAtProjectRoot=false -DDetectVMInstallationsJob.disabled=true -Xlog:disable -Dfile.encoding=UTF-8 -javaagent:c:\Users\dltkd\.vscode\extensions\redhat.java-1.52.0-win32-x64\lombok\lombok-1.18.39-4050.jar -XX:+HeapDumpOnOutOfMemoryError -XX:HeapDumpPath=c:\Users\dltkd\AppData\Roaming\Code\User\workspaceStorage\ce0d1b7617187b5a031f182d2d7cb3d1\redhat.java -Daether.dependencyCollector.impl=bf 
java_command: c:\Users\dltkd\.vscode\extensions\redhat.java-1.52.0-win32-x64\server\plugins\org.eclipse.equinox.launcher_1.7.100.v20251111-0406.jar -configuration c:\Users\dltkd\AppData\Roaming\Code\User\globalStorage\redhat.java\1.52.0\config_win -data c:\Users\dltkd\AppData\Roaming\Code\User\workspaceStorage\ce0d1b7617187b5a031f182d2d7cb3d1\redhat.java\jdt_ws --pipe=\\.\pipe\lsp-c71e8d7fca6c3cb047cff2e2bd215f64-sock
java_class_path (initial): c:\Users\dltkd\.vscode\extensions\redhat.java-1.52.0-win32-x64\server\plugins\org.eclipse.equinox.launcher_1.7.100.v20251111-0406.jar
Launcher Type: SUN_STANDARD

[Global flags]
     intx CICompilerCount                          = 4                                         {product} {ergonomic}
     uint ConcGCThreads                            = 2                                         {product} {ergonomic}
     uint G1ConcRefinementThreads                  = 8                                         {product} {ergonomic}
   size_t G1HeapRegionSize                         = 2097152                                   {product} {ergonomic}
    uintx GCDrainStackTargetSize                   = 64                                        {product} {ergonomic}
     bool HeapDumpOnOutOfMemoryError               = true                                   {manageable} {command line}
    ccstr HeapDumpPath                             = c:\Users\dltkd\AppData\Roaming\Code\User\workspaceStorage\ce0d1b7617187b5a031f182d2d7cb3d1\redhat.java         {manageable} {command line}
   size_t InitialHeapSize                          = 264241152                                 {product} {ergonomic}
   size_t MarkStackSize                            = 4194304                                   {product} {ergonomic}
   size_t MaxHeapSize                              = 4215275520                                {product} {ergonomic}
   size_t MaxNewSize                               = 2529165312                                {product} {ergonomic}
   size_t MinHeapDeltaBytes                        = 2097152                                   {product} {ergonomic}
   size_t MinHeapSize                              = 8388608                                   {product} {ergonomic}
    uintx NonNMethodCodeHeapSize                   = 5839372                                {pd product} {ergonomic}
    uintx NonProfiledCodeHeapSize                  = 122909434                              {pd product} {ergonomic}
    uintx ProfiledCodeHeapSize                     = 122909434                              {pd product} {ergonomic}
    uintx ReservedCodeCacheSize                    = 251658240                              {pd product} {ergonomic}
     bool SegmentedCodeCache                       = true                                      {product} {ergonomic}
   size_t SoftMaxHeapSize                          = 4215275520                             {manageable} {ergonomic}
     bool UseCompressedOops                        = true                           {product lp64_product} {ergonomic}
     bool UseG1GC                                  = true                                      {product} {ergonomic}
     bool UseLargePagesIndividualAllocation        = false                                  {pd product} {ergonomic}

Logging:
Log output configuration:
 #0: stdout all=off uptime,level,tags foldmultilines=false
 #1: stderr all=off uptime,level,tags foldmultilines=false

Release file:
JAVA_VERSION="21.0.9" 
MODULES="java.base java.compiler java.datatransfer java.xml java.prefs java.desktop java.instrument java.logging java.management java.security.sasl java.naming java.rmi java.management.rmi java.net.http java.scripting java.security.jgss java.transaction.xa java.sql java.sql.rowset java.xml.crypto java.se java.smartcardio jdk.accessibility jdk.internal.jvmstat jdk.attach jdk.charsets jdk.internal.opt jdk.zipfs jdk.compiler jdk.crypto.ec jdk.crypto.cryptoki jdk.crypto.mscapi jdk.dynalink jdk.internal.ed jdk.editpad jdk.hotspot.agent jdk.httpserver jdk.internal.le jdk.internal.vm.ci jdk.internal.vm.compiler jdk.internal.vm.compiler.management jdk.jartool jdk.javadoc jdk.jcmd jdk.management jdk.management.agent jdk.jconsole jdk.jdeps jdk.jdwp.agent jdk.jdi jdk.jfr jdk.jshell jdk.jsobject jdk.jstatd jdk.localedata jdk.management.jfr jdk.naming.dns jdk.naming.rmi jdk.net jdk.nio.mapmode jdk.random jdk.sctp jdk.security.auth jdk.security.jgss jdk.unsupported jdk.unsupported.desktop jdk.xml.dom" 

Environment Variables:
PATH=C:\Windows\system32;C:\Windows;C:\Windows\System32\Wbem;C:\Windows\System32\WindowsPowerShell\v1.0\;C:\Windows\System32\OpenSSH\;C:\Program Files\dotnet\;C:\Program Files\NVIDIA Corporation\NVIDIA App\NvDLISR;C:\Program Files (x86)\NVIDIA Corporation\PhysX\Common;C:\Program Files\Git\cmd;%NVM_HOME%;%NVM_SYMLINK%;C:\Program Files\Bandizip\;C:\Program Files\Docker\Docker\resources\bin;C:\Users\dltkd\AppData\Local\Programs\Eclipse Adoptium\jdk-21.0.9.10-hotspot\bin;C:\Users\dltkd\AppData\Local\Microsoft\WindowsApps;C:\Users\dltkd\AppData\Local\Programs\Microsoft VS Code\bin;C:\Users\dltkd\AppData\Local\nvm;C:\nvm4w\nodejs
USERNAME=dltkd
OS=Windows_NT
PROCESSOR_IDENTIFIER=Intel64 Family 6 Model 140 Stepping 1, GenuineIntel
TMP=C:\Users\dltkd\AppData\Local\Temp
TEMP=C:\Users\dltkd\AppData\Local\Temp




Periodic native trim disabled

---------------  S Y S T E M  ---------------

OS:
 Windows 11 , 64 bit Build 22621 (10.0.22621.5415)
OS uptime: 0 days 0:04 hours
Hyper-V role detected

CPU: total 8 (initial active 8) (4 cores per cpu, 2 threads per core) family 6 model 140 stepping 1 microcode 0xa4, cx8, cmov, fxsr, ht, mmx, 3dnowpref, sse, sse2, sse3, ssse3, sse4.1, sse4.2, popcnt, lzcnt, tsc, tscinvbit, avx, avx2, aes, erms, clmul, bmi1, bmi2, adx, avx512f, avx512dq, avx512cd, avx512bw, avx512vl, sha, fma, vzeroupper, avx512_vpopcntdq, avx512_vpclmulqdq, avx512_vaes, avx512_vnni, clflush, clflushopt, clwb, avx512_vbmi2, avx512_vbmi, hv, rdtscp, rdpid, fsrm, gfni, avx512_bitalg, f16c, cet_ibt, cet_ss, avx512_ifma
Processor Information for the first 8 processors :
  Max Mhz: 3110, Current Mhz: 3110, Mhz Limit: 3110

Memory: 4k page, system-wide physical 16075M (3723M free)
TotalPageFile size 32459M (AvailPageFile size 17593M)
current process WorkingSet (physical memory assigned to process): 478M, peak: 480M
current process commit charge ("private bytes"): 511M, peak: 514M

vm_info: OpenJDK 64-Bit Server VM (21.0.9+10-LTS) for windows-amd64 JRE (21.0.9+10-LTS), built on 2025-10-21T00:00:00Z by "admin" with unknown MS VC++:1942

END.
